36.80
36.80
36.80
56.77
56.77
56.77
57.02
57.02
57.02
58.13
58.13
58.13
48.23
48.23
48.23
15.55
15.55
15.55
15.55
10.70
10.70
10.70
10.70
11.94
11.94
11.94
11.94
13.51
13.51
13.51
13.51
10.58
10.58
10.58
10.58
11.75
11.75
11.75
11.75
13.01
13.01
13.01
13.01
13.39
13.39
13.39
13.39
11.44
11.44
11.44
11.44
12.32
12.32
12.32
12.32
11.11
11.11
11.11
11.11
12.45
12.45
12.45
12.45
11.58
11.58
11.58
11.58
13.16
13.16
13.16
13.16
11.60
11.60
11.60
11.60
13.69
13.69
13.69
13.69
11.55
11.55
11.55
11.55
12.77
12.77
12.77
12.77
11.15
11.15
11.15
11.15
10.93
10.93
10.93
10.93
12.09
12.09
12.09
12.09
12.50
12.50
12.50
12.50
11.94
11.94
11.94
11.94
13.77
13.77
13.77
13.77
11.40
11.40
11.40
11.40
12.07
12.07
12.07
12.07
13.36
13.36
13.36
13.36
12.34
12.34
12.34
12.34
11.56
11.56
11.56
11.56
11.54
11.54
11.54
11.54
12.53
12.53
12.53
12.53
13.92
13.92
13.92
13.92
11.87
11.87
11.87
11.87
15.72
15.72
15.72
15.72
11.80
11.80
11.80
11.80
11.70
11.70
11.70
11.70
12.01
12.01
12.01
12.01
12.90
12.90
12.90
12.90
12.07
12.07
12.07
12.07
10.99
10.99
10.99
10.99
12.98
12.98
12.98
12.98
11.64
11.64
11.64
11.64
13.07
13.07
13.07
13.07
11.40
11.40
11.40
11.40
11.47
11.47
11.47
11.47
12.15
12.15
12.15
12.15
12.12
12.12
12.12
12.12
12.44
12.44
12.44
12.44
11.68
11.68
11.68
11.68
12.89
12.89
12.89
12.89
12.55
12.55
12.55
12.55
12.70
12.70
12.70
12.70
10.62
10.62
10.62
10.62
10.56
10.56
10.56
10.56
13.62
13.62
13.62
13.62
13.17
13.17
13.17
13.17
13.57
13.57
13.57
13.57
11.93
11.93
11.93
11.93
13.17
13.17
13.17
13.17
11.39
11.39
11.39
11.39
11.71
11.71
11.71
11.71
12.63
12.63
12.63
12.63
11.31
11.31
11.31
11.31
12.11
12.11
12.11
12.11
12.60
12.60
12.60
12.60
16.41
16.41
16.41
16.41
15.00
15.00
15.00
15.00
11.11
11.11
11.11
11.11
12.17
12.17
12.17
12.17
12.54
12.54
12.54
12.54
13.37
13.37
13.37
13.37
11.80
11.80
11.80
11.80
12.62
12.62
12.62
12.62
12.60
12.60
12.60
12.60
11.80
11.80
11.80
11.80
12.24
12.24
12.24
12.24
12.17
12.17
12.17
12.17
12.82
12.82
12.82
12.82
13.73
13.73
13.73
13.73
12.92
12.92
12.92
12.92
13.82
13.82
13.82
13.82
11.96
11.96
11.96
11.96
12.69
12.69
12.69
12.69
11.31
11.31
11.31
11.31
13.21
13.21
13.21
13.21
10.78
10.78
10.78
10.78
13.01
13.01
13.01
13.01
10.86
10.86
10.86
10.86
13.62
13.62
13.62
13.62
12.25
12.25
12.25
12.25
12.49
12.49
12.49
12.49
12.92
12.92
12.92
12.92
12.16
12.16
12.16
12.16
11.49
11.49
11.49
11.49
13.36
13.36
13.36
13.36
11.24
11.24
11.24
11.24
12.21
12.21
12.21
12.21
12.74
12.74
12.74
12.74
12.58
12.58
12.58
12.58
11.06
11.06
11.06
11.06
12.61
12.61
12.61
12.61
13.10
13.10
13.10
13.10
13.11
13.11
13.11
13.11
12.59
12.59
12.59
12.59
12.99
12.99
12.99
12.99
10.36
10.36
10.36
10.36
13.27
13.27
13.27
13.27
12.97
12.97
12.97
12.97
11.89
11.89
11.89
11.89
11.25
11.25
11.25
11.25
12.45
12.45
12.45
12.45
12.17
12.17
12.17
12.17
12.44
12.44
12.44
12.44
11.25
11.25
11.25
11.25
12.36
12.36
12.36
12.36
12.77
12.77
12.77
12.77
12.61
12.61
12.61
12.61
11.77
11.77
11.77
11.77
11.36
11.36
11.36
11.36
12.82
12.82
12.82
12.82
13.06
13.06
13.06
13.06
12.78
12.78
12.78
12.78
12.60
12.60
12.60
12.60
12.21
12.21
12.21
12.21
12.03
12.03
12.03
12.03
10.96
10.96
10.96
10.96
13.59
13.59
13.59
13.59
12.90
12.90
12.90
12.90
12.60
12.60
12.60
12.60
12.33
12.33
12.33
12.33
12.87
12.87
12.87
12.87
11.51
11.51
11.51
11.51
11.83
11.83
11.83
11.83
11.87
11.87
11.87
11.87
12.82
12.82
12.82
12.82
12.72
12.72
12.72
12.72
11.70
11.70
11.70
11.70
12.29
12.29
12.29
12.29
13.24
13.24
13.24
13.24
11.50
11.50
11.50
11.50
12.08
12.08
12.08
12.08
11.85
11.85
11.85
11.85
13.09
13.09
13.09
13.09
10.51
10.51
10.51
10.51
18.93
18.93
18.93
18.93
11.84
11.84
11.84
11.84
13.55
13.55
13.55
13.55
11.37
11.37
11.37
11.37
13.02
13.02
13.02
13.02
12.54
12.54
12.54
12.54
12.68
12.68
12.68
12.68
12.42
12.42
12.42
12.42
10.70
10.70
10.70
10.70
12.35
12.35
12.35
12.35
13.64
13.64
13.64
13.64
11.44
11.44
11.44
11.44
11.62
11.62
11.62
11.62
13.35
13.35
13.35
13.35
11.63
11.63
11.63
11.63
12.01
12.01
12.01
12.01
12.51
12.51
12.51
12.51
12.09
12.09
12.09
12.09
12.86
12.86
12.86
12.86
13.33
13.33
13.33
13.33
10.73
10.73
10.73
10.73
12.56
12.56
12.56
12.56
11.49
11.49
11.49
11.49
12.12
12.12
12.12
12.12
13.53
13.53
13.53
13.53
13.89
13.89
13.89
13.89
10.67
10.67
10.67
10.67
13.60
13.60
13.60
13.60
11.67
11.67
11.67
11.67
13.24
13.24
13.24
13.24
12.75
12.75
12.75
12.75
13.85
13.85
13.85
13.85
10.51
10.51
10.51
10.51
12.29
12.29
12.29
12.29
13.68
13.68
13.68
13.68
11.42
11.42
11.42
11.42
11.30
11.30
11.30
11.30
12.09
12.09
12.09
12.09
12.76
12.76
12.76
12.76
11.75
11.75
11.75
11.75
12.36
12.36
12.36
12.36
13.08
13.08
13.08
13.08
12.03
12.03
12.03
12.03
13.33
13.33
13.33
13.33
11.50
11.50
11.50
11.50
12.46
12.46
12.46
12.46
13.08
13.08
13.08
13.08
11.61
11.61
11.61
11.61
13.82
13.82
13.82
13.82
12.58
12.58
12.58
12.58
11.18
11.18
11.18
11.18
12.89
12.89
12.89
12.89
12.38
12.38
12.38
12.38
13.61
13.61
13.61
13.61
13.14
13.14
13.14
13.14
11.62
11.62
11.62
11.62
12.05
12.05
12.05
12.05
11.74
11.74
11.74
11.74
12.48
12.48
12.48
12.48
10.12
10.12
10.12
10.12
11.29
11.29
11.29
11.29
13.48
13.48
13.48
13.48
16.67
16.67
16.67
16.67
12.03
12.03
12.03
12.03
9.58
9.58
9.58
9.58
11.60
11.60
11.60
11.60
9.69
9.69
9.69
9.69
11.26
11.26
11.26
11.26
10.67
10.67
10.67
10.67
10.05
10.05
10.05
10.05
11.24
11.24
11.24
11.24
9.15
9.15
9.15
9.15
12.54
12.54
12.54
12.54
9.76
9.76
9.76
9.76
11.49
11.49
11.49
11.49
10.64
10.64
10.64
10.64
8.50
8.50
8.50
8.50
13.02
13.02
13.02
13.02
9.14
9.14
9.14
9.14
10.41
10.41
10.41
10.41
12.26
12.26
12.26
12.26
14.41
14.41
14.41
14.41
14.41
10.24
10.24
10.24
10.24
11.21
11.21
11.21
11.21
11.21
11.13
11.13
11.13
11.13
11.13
11.78
11.78
11.78
11.78
11.78
11.78
11.78
11.31
11.31
11.31
