21.082939392
21.082939392
21.082939392
21.083009024
21.083009024
21.083009024
21.074305024
21.074305024
21.074305024
21.08336128
21.08336128
21.08336128
21.084131328
21.084131328
21.084131328
21.084971008
21.084971008
21.084971008
21.084971008
21.085114368
21.085114368
21.085114368
21.085114368
21.0860032
21.0860032
21.0860032
21.0860032
21.087186944
21.087186944
21.087186944
21.087186944
21.087399936
21.087399936
21.087399936
21.087399936
21.08678144
21.08678144
21.08678144
21.08678144
21.087014912
21.087014912
21.087014912
21.087014912
21.090197504
21.090197504
21.090197504
21.090197504
21.089058816
21.089058816
21.089058816
21.089058816
21.089030144
21.089030144
21.089030144
21.089030144
21.089746944
21.089746944
21.089746944
21.089746944
21.089226752
21.089226752
21.089226752
21.089226752
21.091373056
21.091373056
21.091373056
21.091373056
21.090189312
21.090189312
21.090189312
21.090189312
21.09067264
21.09067264
21.09067264
21.09067264
21.090934784
21.090934784
21.090934784
21.090934784
21.091422208
21.091422208
21.091422208
21.091422208
21.092417536
21.092417536
21.092417536
21.092417536
21.092245504
21.092245504
21.092245504
21.092245504
21.09079552
21.09079552
21.09079552
21.09079552
21.091278848
21.091278848
21.091278848
21.091278848
21.092585472
21.092585472
21.092585472
21.092585472
21.092114432
21.092114432
21.092114432
21.092114432
21.092102144
21.092102144
21.092102144
21.092102144
21.09233152
21.09233152
21.09233152
21.09233152
21.09233152
21.09233152
21.09233152
21.09233152
21.087305728
21.087305728
21.087305728
21.087305728
21.087535104
21.087535104
21.087535104
21.087535104
21.088509952
21.088509952
21.088509952
21.088509952
21.088509952
21.088509952
21.088509952
21.088509952
21.089468416
21.089468416
21.089468416
21.089468416
21.086826496
21.086826496
21.086826496
21.086826496
21.087850496
21.087850496
21.087850496
21.087850496
21.087850496
21.087850496
21.087850496
21.087850496
21.087813632
21.087813632
21.087813632
21.087813632
21.088555008
21.088555008
21.088555008
21.088555008
21.088436224
21.088436224
21.088436224
21.088436224
21.088436224
21.088436224
21.088436224
21.088436224
21.088694272
21.088694272
21.088694272
21.088694272
21.087653888
21.087653888
21.087653888
21.087653888
21.094244352
21.094244352
21.094244352
21.094244352
21.093629952
21.093629952
21.093629952
21.093629952
21.090717696
21.090717696
21.090717696
21.090717696
21.090717696
21.090717696
21.090717696
21.090717696
21.091721216
21.091721216
21.091721216
21.091721216
21.09282304
21.09282304
21.09282304
21.09282304
21.092036608
21.092036608
21.092036608
21.092036608
21.09177856
21.09177856
21.09177856
21.09177856
21.092282368
21.092282368
21.092282368
21.092282368
21.091340288
21.091340288
21.091340288
21.091340288
21.087117312
21.087117312
21.087117312
21.087117312
21.087117312
21.087117312
21.087117312
21.087117312
21.085884416
21.085884416
21.085884416
21.085884416
21.08710912
21.08710912
21.08710912
21.08710912
21.087076352
21.087076352
21.087076352
21.087076352
21.091586048
21.091586048
21.091586048
21.091586048
21.092876288
21.092876288
21.092876288
21.092876288
21.092438016
21.092438016
21.092438016
21.092438016
21.09292544
21.09292544
21.09292544
21.09292544
21.093351424
21.093351424
21.093351424
21.093351424
21.09364224
21.09364224
21.09364224
21.09364224
21.093638144
21.093638144
21.093638144
21.093638144
21.093625856
21.093625856
21.093625856
21.093625856
21.0937856
21.0937856
21.0937856
21.0937856
21.093699584
21.093699584
21.093699584
21.093699584
21.116522496
21.116522496
21.116522496
21.116522496
21.0996224
21.0996224
21.0996224
21.0996224
21.099851776
21.099851776
21.099851776
21.099851776
21.098156032
21.098156032
21.098156032
21.098156032
21.10144512
21.10144512
21.10144512
21.10144512
21.10181376
21.10181376
21.10181376
21.10181376
21.102043136
21.102043136
21.102043136
21.102043136
21.102034944
21.102034944
21.102034944
21.102034944
21.107044352
21.107044352
21.107044352
21.107044352
21.107470336
21.107470336
21.107470336
21.107470336
21.095858176
21.095858176
21.095858176
21.095858176
21.095866368
21.095866368
21.095866368
21.095866368
21.096374272
21.096374272
21.096374272
21.096374272
21.103038464
21.103038464
21.103038464
21.103038464
21.103546368
21.103546368
21.103546368
21.103546368
21.101924352
21.101924352
21.101924352
21.101924352
21.103415296
21.103415296
21.103415296
21.103415296
21.103415296
21.103415296
21.103415296
21.103415296
21.103570944
21.103570944
21.103570944
21.103570944
21.103570944
21.103570944
21.103570944
21.103570944
21.103570944
21.103570944
21.103570944
21.103570944
21.104058368
21.104058368
21.104058368
21.104058368
21.09976576
21.09976576
21.09976576
21.09976576
21.095165952
21.095165952
21.095165952
21.095165952
21.095395328
21.095395328
21.095395328
21.095395328
21.09509632
21.09509632
21.09509632
21.09509632
21.094940672
21.094940672
21.094940672
21.094940672
21.097668608
21.097668608
21.097668608
21.097668608
21.096558592
21.096558592
21.096558592
21.096558592
21.096558592
21.096558592
21.096558592
21.096558592
21.096783872
21.096783872
21.096783872
21.096783872
21.096783872
21.096783872
21.096783872
21.096783872
21.098061824
21.098061824
21.098061824
21.098061824
21.093941248
21.093941248
21.093941248
21.093941248
21.09038592
21.09038592
21.09038592
21.09038592
21.091381248
21.091381248
21.091381248
21.091381248
21.091414016
21.091414016
21.091414016
21.091414016
21.096431616
21.096431616
21.096431616
21.096431616
21.096546304
21.096546304
21.096546304
21.096546304
21.095231488
21.095231488
21.095231488
21.095231488
21.095948288
21.095948288
21.095948288
21.095948288
21.096464384
21.096464384
21.096464384
21.096464384
21.093986304
21.093986304
21.093986304
21.093986304
21.093982208
21.093982208
21.093982208
21.093982208
21.094211584
21.094211584
21.094211584
21.094211584
21.094699008
21.094699008
21.094699008
21.094699008
21.093240832
21.093240832
21.093240832
21.093240832
21.09077504
21.09077504
21.09077504
21.09077504
21.091291136
21.091291136
21.091291136
21.091291136
21.092294656
21.092294656
21.092294656
21.092294656
21.089660928
21.089660928
21.089660928
21.089660928
21.091774464
21.091774464
21.091774464
21.091774464
21.091774464
21.091774464
21.091774464
21.091774464
21.091274752
21.091274752
21.091274752
21.091274752
21.09253632
21.09253632
21.09253632
21.09253632
21.092491264
21.092491264
21.092491264
21.092491264
21.09687808
21.09687808
21.09687808
21.09687808
21.097365504
21.097365504
21.097365504
21.097365504
21.09759488
21.09759488
21.09759488
21.09759488
21.098323968
21.098323968
21.098323968
21.098323968
21.098323968
21.098323968
21.098323968
21.098323968
21.099134976
21.099134976
21.099134976
21.099134976
21.095387136
21.095387136
21.095387136
21.095387136
21.095276544
21.095276544
21.095276544
21.095276544
21.094961152
21.094961152
21.094961152
21.094961152
21.102186496
21.102186496
21.102186496
21.102186496
21.101924352
21.101924352
21.101924352
21.101924352
21.102297088
21.102297088
21.102297088
21.102297088
21.100900352
21.100900352
21.100900352
21.100900352
21.100126208
21.100126208
21.100126208
21.100126208
21.098139648
21.098139648
21.098139648
21.098139648
21.098139648
21.098139648
21.098139648
21.098139648
21.096546304
21.096546304
21.096546304
21.096546304
21.096472576
21.096472576
21.096472576
21.096472576
21.096718336
21.096718336
21.096718336
21.096718336
21.096636416
21.096636416
21.096636416
21.096636416
21.096894464
21.096894464
21.096894464
21.096894464
21.096886272
21.096886272
21.096886272
21.096886272
21.096853504
21.096853504
21.096853504
21.096853504
21.10081024
21.10081024
21.10081024
21.10081024
21.098541056
21.098541056
21.098541056
21.098541056
21.098999808
21.098999808
21.098999808
21.098999808
21.098999808
21.098999808
21.098999808
21.098999808
21.09933568
21.09933568
21.09933568
21.09933568
21.094739968
21.094739968
21.094739968
21.094739968
21.094977536
21.094977536
21.094977536
21.094977536
21.095456768
21.095456768
21.095456768
21.095456768
21.09554688
21.09554688
21.09554688
21.09554688
21.095776256
21.095776256
21.095776256
21.095776256
21.09376512
21.09376512
21.09376512
21.09376512
21.094014976
21.094014976
21.094014976
21.094014976
21.094273024
21.094273024
21.094273024
21.094273024
21.094756352
21.094756352
21.094756352
21.094756352
21.094985728
21.094985728
21.094985728
21.094985728
21.091397632
21.091397632
21.091397632
21.091397632
21.09165568
21.09165568
21.09165568
21.09165568
21.0926592
21.0926592
21.0926592
21.0926592
21.090074624
21.090074624
21.090074624
21.090074624
21.086457856
21.086457856
21.086457856
21.086457856
21.086797824
21.086797824
21.086797824
21.086797824
21.086941184
21.086941184
21.086941184
21.086941184
21.087440896
21.087440896
21.087440896
21.087440896
21.086625792
21.086625792
21.086625792
21.086625792
21.080817664
21.080817664
21.080817664
21.080817664
21.08213248
21.08213248
21.08213248
21.08213248
21.081800704
21.081800704
21.081800704
21.081800704
21.081141248
21.081141248
21.081141248
21.081141248
21.080973312
21.080973312
21.080973312
21.080973312
21.078188032
21.078188032
21.078188032
21.078188032
21.076525056
21.076525056
21.076525056
21.076525056
21.076525056
21.076525056
21.076525056
21.076525056
21.077286912
21.077286912
21.077286912
21.077286912
21.07754496
21.07754496
21.07754496
21.07754496
21.081665536
21.081665536
21.081665536
21.081665536
21.082124288
21.082124288
21.082124288
21.082124288
21.081939968
21.081939968
21.081939968
21.081939968
21.079302144
21.079302144
21.079302144
21.079302144
21.080866816
21.080866816
21.080866816
21.080866816
21.079830528
21.079830528
21.079830528
21.079830528
21.07971584
21.07971584
21.07971584
21.07971584
21.082472448
21.082472448
21.082472448
21.082472448
21.08317696
21.08317696
21.08317696
21.08317696
21.079588864
21.079588864
21.079588864
21.079588864
21.080076288
21.080076288
21.080076288
21.080076288
21.079412736
21.079412736
21.079412736
21.079412736
21.079732224
21.079732224
21.079732224
21.079732224
21.08010496
21.08010496
21.08010496
21.08010496
21.077311488
21.077311488
21.077311488
21.077311488
21.077454848
21.077454848
21.077454848
21.077454848
21.076353024
21.076353024
21.076353024
21.076353024
21.076611072
21.076611072
21.076611072
21.076611072
21.079375872
21.079375872
21.079375872
21.079375872
21.078573056
21.078573056
21.078573056
21.078573056
21.079576576
21.079576576
21.079576576
21.079576576
21.078990848
21.078990848
21.078990848
21.078990848
21.076484096
21.076484096
21.076484096
21.076484096
21.072314368
21.072314368
21.072314368
21.072314368
21.072543744
21.072543744
21.072543744
21.072543744
21.07301888
21.07301888
21.07301888
21.07301888
21.07301888
21.07301888
21.07301888
21.07301888
21.081964544
21.081964544
21.081964544
21.081964544
21.0873344
21.0873344
21.0873344
21.0873344
21.087531008
21.087531008
21.087531008
21.087531008
21.087739904
21.087739904
21.087739904
21.087739904
21.087739904
21.087739904
21.087739904
21.087739904
21.087735808
21.087735808
21.087735808
21.087735808
21.084565504
21.084565504
21.084565504
21.084565504
21.084315648
21.084315648
21.084315648
21.084315648
21.085196288
21.085196288
21.085196288
21.085196288
21.085167616
21.085167616
21.085167616
21.085167616
21.08387328
21.08387328
21.08387328
21.08387328
21.081489408
21.081489408
21.081489408
21.081489408
21.081219072
21.081219072
21.081219072
21.081219072
21.080756224
21.080756224
21.080756224
21.080756224
21.080752128
21.080752128
21.080752128
21.080752128
21.081268224
21.081268224
21.081268224
21.081268224
21.084946432
21.084946432
21.084946432
21.084946432
21.082824704
21.082824704
21.082824704
21.082824704
21.08356608
21.08356608
21.08356608
21.08356608
21.083705344
21.083705344
21.083705344
21.083705344
21.08350464
21.08350464
21.08350464
21.08350464
21.08350464
21.083754496
21.083754496
21.083754496
21.083754496
21.085114368
21.085114368
21.085114368
21.085114368
21.085114368
21.085601792
21.085601792
21.085601792
21.085601792
21.085601792
21.086834688
21.086834688
21.086834688
21.086834688
21.086834688
21.086834688
21.086834688
21.084536832
21.084536832
21.084536832
