21.081157632
21.081157632
21.081157632
21.082202112
21.082202112
21.082202112
21.082202112
21.084147712
21.084147712
21.084147712
21.078880256
21.078880256
21.078880256
21.08258304
21.08258304
21.08258304
21.08258304
21.083672576
21.083672576
21.083672576
21.083807744
21.083807744
21.083807744
21.083807744
21.08438528
21.08438528
21.08438528
21.08438528
21.084422144
21.084422144
21.084422144
21.084422144
21.085282304
21.085282304
21.085282304
21.085282304
21.085474816
21.085474816
21.085474816
21.085474816
21.08469248
21.08469248
21.08469248
21.08469248
21.085151232
21.085151232
21.085151232
21.085151232
21.09145088
21.09145088
21.09145088
21.09145088
21.090308096
21.090308096
21.090308096
21.090308096
21.090578432
21.090578432
21.090578432
21.090578432
21.091037184
21.091037184
21.091037184
21.091037184
21.09007872
21.09007872
21.09007872
21.09007872
21.091016704
21.091016704
21.091016704
21.091016704
21.091500032
21.091500032
21.091500032
21.091500032
21.092012032
21.092012032
21.092012032
21.092012032
21.092012032
21.092012032
21.092012032
21.092012032
21.091176448
21.091176448
21.091176448
21.091176448
21.090627584
21.090627584
21.090627584
21.090627584
21.0925568
21.0925568
21.0925568
21.0925568
21.0925568
21.0925568
21.0925568
21.0925568
21.0925568
21.0925568
21.0925568
21.0925568
21.09151232
21.09151232
21.09151232
21.09151232
21.09233152
21.09233152
21.09233152
21.09233152
21.092818944
21.092818944
21.092818944
21.092818944
21.093076992
21.093076992
21.093076992
21.093076992
21.123997696
21.123997696
21.123997696
21.123997696
21.095849984
21.095849984
21.095849984
21.095849984
21.095845888
21.095845888
21.095845888
21.095845888
21.09659136
21.09659136
21.09659136
21.09659136
21.09659136
21.09659136
21.09659136
21.09659136
21.12886784
21.12886784
21.12886784
21.12886784
21.1283968
21.1283968
21.1283968
21.1283968
21.1283968
21.1283968
21.1283968
21.1283968
21.1291136
21.1291136
21.1291136
21.1291136
21.127471104
21.127471104
21.127471104
21.127471104
21.132230656
21.132230656
21.132230656
21.132230656
21.133234176
21.133234176
21.133234176
21.133234176
21.133234176
21.133234176
21.133234176
21.133234176
21.13132544
21.13132544
21.13132544
21.13132544
21.13234944
21.13234944
21.13234944
21.13234944
21.127278592
21.127278592
21.127278592
21.127278592
21.119127552
21.119127552
21.119127552
21.119127552
21.119123456
21.119123456
21.119123456
21.119123456
21.120155648
21.120155648
21.120155648
21.120155648
21.12063488
21.12063488
21.12063488
21.12063488
21.121155072
21.121155072
21.121155072
21.121155072
21.119873024
21.119873024
21.119873024
21.119873024
21.120610304
21.120610304
21.120610304
21.120610304
21.120868352
21.120868352
21.120868352
21.120868352
21.124542464
21.124542464
21.124542464
21.124542464
21.124534272
21.124534272
21.124534272
21.124534272
21.119389696
21.119389696
21.119389696
21.119389696
21.119873024
21.119873024
21.119873024
21.119873024
21.119868928
21.119868928
21.119868928
21.119868928
21.125738496
21.125738496
21.125738496
21.125738496
21.124640768
21.124640768
21.124640768
21.124640768
21.124509696
21.124509696
21.124509696
21.124509696
21.124562944
21.124562944
21.124562944
21.124562944
21.125021696
21.125021696
21.125021696
21.125021696
21.120094208
21.120094208
21.120094208
21.120094208
21.120610304
21.120610304
21.120610304
21.120610304
21.12083968
21.12083968
21.12083968
21.12083968
21.12083968
21.12083968
21.12083968
21.12083968
21.12069632
21.12069632
21.12069632
21.12069632
21.125644288
21.125644288
21.125644288
21.125644288
21.125873664
21.125873664
21.125873664
21.125873664
21.125873664
21.125873664
21.125873664
21.125873664
21.125619712
21.125619712
21.125619712
21.125619712
21.12446464
21.12446464
21.12446464
21.12446464
21.12417792
21.12417792
21.12417792
21.12417792
21.121916928
21.121916928
21.121916928
21.121916928
21.1226624
21.1226624
21.1226624
21.1226624
21.12159744
21.12159744
21.12159744
21.12159744
21.11811584
21.11811584
21.11811584
21.11811584
21.118373888
21.118373888
21.118373888
21.118373888
21.115056128
21.115056128
21.115056128
21.115056128
21.11531008
21.11531008
21.11531008
21.11531008
21.114519552
21.114519552
21.114519552
21.114519552
21.11485952
21.11485952
21.11485952
21.11485952
21.114761216
21.114761216
21.114761216
21.114761216
21.115645952
21.115645952
21.115645952
21.115645952
21.115670528
21.115670528
21.115670528
21.115670528
21.11535104
21.11535104
21.11535104
21.11535104
21.106151424
21.106151424
21.106151424
21.106151424
21.106638848
21.106638848
21.106638848
21.106638848
21.106896896
21.106896896
21.106896896
21.106896896
21.107929088
21.107929088
21.107929088
21.107929088
21.112303616
21.112303616
21.112303616
21.112303616
21.112270848
21.112270848
21.112270848
21.112270848
21.11287296
21.11287296
21.11287296
21.11287296
21.113102336
21.113102336
21.113102336
21.113102336
21.114433536
21.114433536
21.114433536
21.114433536
21.112877056
21.112877056
21.112877056
21.112877056
21.112877056
21.112877056
21.112877056
21.112877056
21.11135744
21.11135744
21.11135744
21.11135744
21.111844864
21.111844864
21.111844864
21.111844864
21.112836096
21.112836096
21.112836096
21.112836096
21.109981184
21.109981184
21.109981184
21.109981184
21.110468608
21.110468608
21.110468608
21.110468608
21.110464512
21.110464512
21.110464512
21.110464512
21.11080448
21.11080448
21.11080448
21.11080448
21.10851072
21.10851072
21.10851072
21.10851072
21.10973952
21.10973952
21.10973952
21.10973952
21.109960704
21.109960704
21.109960704
21.109960704
21.109952512
21.109952512
21.109952512
21.109952512
21.110468608
21.110468608
21.110468608
21.110468608
21.107888128
21.107888128
21.107888128
21.107888128
21.108658176
21.108658176
21.108658176
21.108658176
21.10879744
21.10879744
21.10879744
21.10879744
21.108682752
21.108682752
21.108682752
21.108682752
21.10793728
21.10793728
21.10793728
21.10793728
21.108105216
21.108105216
21.108105216
21.108105216
21.108129792
21.108129792
21.108129792
21.108129792
21.109161984
21.109161984
21.109161984
21.109161984
21.108662272
21.108662272
21.108662272
21.108662272
21.108887552
21.108887552
21.108887552
21.108887552
21.117374464
21.117374464
21.117374464
21.117374464
21.114580992
21.114580992
21.114580992
21.114580992
21.115183104
21.115183104
21.115183104
21.115183104
21.116350464
21.116350464
21.116350464
21.116350464
21.116796928
21.116796928
21.116796928
21.116796928
21.114494976
21.114494976
21.114494976
21.114494976
21.110132736
21.110132736
21.110132736
21.110132736
21.110124544
21.110124544
21.110124544
21.110124544
21.109608448
21.109608448
21.109608448
21.109608448
21.10937088
21.10937088
21.10937088
21.10937088
21.109342208
21.109342208
21.109342208
21.109342208
21.108785152
21.108785152
21.108785152
21.108785152
21.109628928
21.109628928
21.109628928
21.109628928
21.11008768
21.11008768
21.11008768
21.11008768
21.10636032
21.10636032
21.10636032
21.10636032
21.112377344
21.112377344
21.112377344
21.112377344
21.112549376
21.112549376
21.112549376
21.112549376
21.11223808
21.11223808
21.11223808
21.11223808
21.107040256
21.107040256
21.107040256
21.107040256
21.106696192
21.106696192
21.106696192
21.106696192
21.106696192
21.106696192
21.106696192
21.106696192
21.106925568
21.106925568
21.106925568
21.106925568
21.105283072
21.105283072
21.105283072
21.105283072
21.105217536
21.105217536
21.105217536
21.105217536
21.104852992
21.104852992
21.104852992
21.104852992
21.10511104
21.10511104
21.10511104
21.10511104
21.10502912
21.10502912
21.10502912
21.10502912
21.1052544
21.1052544
21.1052544
21.1052544
21.099741184
21.099741184
21.099741184
21.099741184
21.099864064
21.099864064
21.099864064
21.099864064
21.100638208
21.100638208
21.100638208
21.100638208
21.100859392
21.100859392
21.100859392
21.100859392
21.101084672
21.101084672
21.101084672
21.101084672
21.1034112
21.1034112
21.1034112
21.1034112
21.10363648
21.10363648
21.10363648
21.10363648
21.103624192
21.103624192
21.103624192
21.103624192
21.10328832
21.10328832
21.10328832
21.10328832
21.107388416
21.107388416
21.107388416
21.107388416
21.100683264
21.100683264
21.100683264
21.100683264
21.101973504
21.101973504
21.101973504
21.101973504
21.101203456
21.101203456
21.101203456
21.101203456
21.10119936
21.10119936
21.10119936
21.10119936
21.100986368
21.100986368
21.100986368
21.100986368
21.100982272
21.100982272
21.100982272
21.100982272
21.101391872
21.101391872
21.101391872
21.101391872
21.101748224
21.101748224
21.101748224
21.101748224
21.100371968
21.100371968
21.100371968
21.100371968
21.105266688
21.105266688
21.105266688
21.105266688
21.106008064
21.106008064
21.106008064
21.106008064
21.119250432
21.119250432
21.119250432
21.119250432
21.108924416
21.108924416
21.108924416
21.108924416
21.107396608
21.107396608
21.107396608
21.107396608
21.105565696
21.105565696
21.105565696
21.105565696
21.105819648
21.105819648
21.105819648
21.105819648
21.107101696
21.107101696
21.107101696
21.107101696
21.107474432
21.107474432
21.107474432
21.107474432
21.110472704
21.110472704
21.110472704
21.110472704
21.11121408
21.11121408
21.11121408
21.11121408
21.110239232
21.110239232
21.110239232
21.110239232
21.110226944
21.110226944
21.110226944
21.110226944
21.110710272
21.110710272
21.110710272
21.110710272
21.109133312
21.109133312
21.109133312
21.109133312
21.108736
21.108736
21.108736
21.108736
21.10963712
21.10963712
21.10963712
21.10963712
21.109813248
21.109813248
21.109813248
21.109813248
21.109551104
21.109551104
21.109551104
21.109551104
21.108641792
21.108641792
21.108641792
21.108641792
21.109669888
21.109669888
21.109669888
21.109669888
21.109030912
21.109030912
21.109030912
21.109030912
21.109133312
21.109133312
21.109133312
21.109133312
21.112287232
21.112287232
21.112287232
21.112287232
21.110185984
21.110185984
21.110185984
21.110185984
21.111468032
21.111468032
21.111468032
21.111468032
21.110267904
21.110267904
21.110267904
21.110267904
21.111042048
21.111042048
21.111042048
21.111042048
21.111177216
21.111177216
21.111177216
21.111177216
21.11135744
21.11135744
21.11135744
21.11135744
21.109395456
21.109395456
21.109395456
21.109395456
21.109620736
21.109620736
21.109620736
21.109620736
21.104775168
21.104775168
21.104775168
21.104775168
21.10527488
21.10527488
21.10527488
21.10527488
21.105164288
21.105164288
21.105164288
21.105164288
21.104283648
21.104283648
21.104283648
21.104283648
21.104173056
21.104173056
21.104173056
21.104173056
21.104545792
21.104545792
21.104545792
21.104545792
21.105606656
21.105606656
21.105606656
21.105606656
21.1063808
21.1063808
21.1063808
21.1063808
21.10619648
21.10619648
21.10619648
21.10619648
21.105586176
21.105586176
21.105586176
21.105586176
21.10707712
21.10707712
21.10707712
21.10707712
21.10988288
21.10988288
21.10988288
21.10988288
21.109399552
21.109399552
21.109399552
21.109399552
21.109649408
21.109649408
21.109649408
21.109649408
21.107712
21.107712
21.107712
21.107712
21.106880512
21.106880512
21.106880512
21.106880512
21.106675712
21.106675712
21.106675712
21.106675712
21.107101696
21.107101696
21.107101696
21.107101696
21.105987584
21.105987584
21.105987584
21.105987584
21.106470912
21.106470912
21.106470912
21.106470912
21.1042304
21.1042304
21.1042304
21.1042304
21.09939712
21.09939712
21.09939712
21.09939712
21.099003904
21.099003904
21.099003904
21.099003904
21.09952
21.09952
21.09952
21.09952
21.100007424
21.100007424
21.100007424
21.100007424
21.100007424
21.098315776
21.098315776
21.098315776
21.098315776
21.098573824
21.098573824
21.098573824
21.098573824
21.098541056
21.098541056
21.098541056
21.098541056
21.099286528
21.099286528
21.099286528
21.099286528
21.099773952
21.099773952
21.099773952
21.099773952
21.102096384
21.102096384
21.102096384
21.102096384
21.09485056
21.09485056
21.09485056
21.09485056
21.09485056
21.09485056
21.09485056
21.09485056
21.09485056
21.09485056
21.09485056
21.09485056
21.093707776
21.093707776
21.093707776
21.093707776
21.093707776
21.093707776
21.093707776
