43.96
43.96
43.96
60.12
60.12
60.12
60.12
60.82
60.82
60.82
58.88
58.88
58.88
59.55
59.55
59.55
59.55
39.33
39.33
39.33
14.17
14.17
14.17
14.17
11.50
11.50
11.50
11.50
11.35
11.35
11.35
11.35
11.35
11.35
11.35
11.35
12.87
12.87
12.87
12.87
10.82
10.82
10.82
10.82
12.93
12.93
12.93
12.93
11.50
11.50
11.50
11.50
11.76
11.76
11.76
11.76
11.58
11.58
11.58
11.58
12.34
12.34
12.34
12.34
12.83
12.83
12.83
12.83
13.48
13.48
13.48
13.48
12.24
12.24
12.24
12.24
13.56
13.56
13.56
13.56
11.09
11.09
11.09
11.09
17.19
17.19
17.19
17.19
11.14
11.14
11.14
11.14
12.14
12.14
12.14
12.14
12.55
12.55
12.55
12.55
11.12
11.12
11.12
11.12
11.71
11.71
11.71
11.71
11.69
11.69
11.69
11.69
12.19
12.19
12.19
12.19
13.16
13.16
13.16
13.16
17.54
17.54
17.54
17.54
13.62
13.62
13.62
13.62
13.54
13.54
13.54
13.54
12.99
12.99
12.99
12.99
10.04
10.04
10.04
10.04
13.88
13.88
13.88
13.88
12.75
12.75
12.75
12.75
11.75
11.75
11.75
11.75
12.19
12.19
12.19
12.19
13.43
13.43
13.43
13.43
12.62
12.62
12.62
12.62
11.74
11.74
11.74
11.74
11.98
11.98
11.98
11.98
10.45
10.45
10.45
10.45
13.31
13.31
13.31
13.31
10.88
10.88
10.88
10.88
11.79
11.79
11.79
11.79
10.19
10.19
10.19
10.19
12.69
12.69
12.69
12.69
11.37
11.37
11.37
11.37
14.17
14.17
14.17
14.17
11.21
11.21
11.21
11.21
12.34
12.34
12.34
12.34
10.37
10.37
10.37
10.37
12.62
12.62
12.62
12.62
11.73
11.73
11.73
11.73
10.80
10.80
10.80
10.80
12.40
12.40
12.40
12.40
11.31
11.31
11.31
11.31
11.27
11.27
11.27
11.27
13.00
13.00
13.00
13.00
13.03
13.03
13.03
13.03
10.69
10.69
10.69
10.69
12.11
12.11
12.11
12.11
12.93
12.93
12.93
12.93
11.65
11.65
11.65
11.65
12.00
12.00
12.00
12.00
10.93
10.93
10.93
10.93
13.15
13.15
13.15
13.15
12.08
12.08
12.08
12.08
11.51
11.51
11.51
11.51
11.15
11.15
11.15
11.15
12.68
12.68
12.68
12.68
10.85
10.85
10.85
10.85
13.31
13.31
13.31
13.31
11.46
11.46
11.46
11.46
12.05
12.05
12.05
12.05
11.97
11.97
11.97
11.97
13.47
13.47
13.47
13.47
10.29
10.29
10.29
10.29
13.21
13.21
13.21
13.21
11.35
11.35
11.35
11.35
11.14
11.14
11.14
11.14
14.11
14.11
14.11
14.11
11.35
11.35
11.35
11.35
12.16
12.16
12.16
12.16
11.97
11.97
11.97
11.97
11.82
11.82
11.82
11.82
13.79
13.79
13.79
13.79
10.80
10.80
10.80
10.80
12.11
12.11
12.11
12.11
13.58
13.58
13.58
13.58
12.42
12.42
12.42
12.42
11.54
11.54
11.54
11.54
11.09
11.09
11.09
11.09
11.47
11.47
11.47
11.47
12.86
12.86
12.86
12.86
11.74
11.74
11.74
11.74
11.87
11.87
11.87
11.87
12.12
12.12
12.12
12.12
11.07
11.07
11.07
11.07
11.24
11.24
11.24
11.24
13.09
13.09
13.09
13.09
11.18
11.18
11.18
11.18
11.00
11.00
11.00
11.00
12.23
12.23
12.23
12.23
13.47
13.47
13.47
13.47
11.66
11.66
11.66
11.66
10.24
10.24
10.24
10.24
13.42
13.42
13.42
13.42
12.12
12.12
12.12
12.12
13.17
13.17
13.17
13.17
12.16
12.16
12.16
12.16
11.33
11.33
11.33
11.33
11.49
11.49
11.49
11.49
14.05
14.05
14.05
14.05
12.99
12.99
12.99
12.99
11.19
11.19
11.19
11.19
12.07
12.07
12.07
12.07
11.55
11.55
11.55
11.55
10.04
10.04
10.04
10.04
13.06
13.06
13.06
13.06
9.98
9.98
9.98
9.98
12.73
12.73
12.73
12.73
12.00
12.00
12.00
12.00
12.45
12.45
12.45
12.45
11.29
11.29
11.29
11.29
11.42
11.42
11.42
11.42
11.55
11.55
11.55
11.55
11.31
11.31
11.31
11.31
14.06
14.06
14.06
14.06
12.22
12.22
12.22
12.22
11.49
11.49
11.49
11.49
11.56
11.56
11.56
11.56
12.54
12.54
12.54
12.54
11.93
11.93
11.93
11.93
12.57
12.57
12.57
12.57
13.82
13.82
13.82
13.82
11.54
11.54
11.54
11.54
12.35
12.35
12.35
12.35
13.01
13.01
13.01
13.01
13.52
13.52
13.52
13.52
11.22
11.22
11.22
11.22
11.58
11.58
11.58
11.58
13.67
13.67
13.67
13.67
10.58
10.58
10.58
10.58
11.84
11.84
11.84
11.84
11.66
11.66
11.66
11.66
12.17
12.17
12.17
12.17
10.38
10.38
10.38
10.38
11.81
11.81
11.81
11.81
13.20
13.20
13.20
13.20
11.84
11.84
11.84
11.84
11.80
11.80
11.80
11.80
12.22
12.22
12.22
12.22
11.92
11.92
11.92
11.92
15.58
15.58
15.58
15.58
13.32
13.32
13.32
13.32
11.15
11.15
11.15
11.15
12.21
12.21
12.21
12.21
12.27
12.27
12.27
12.27
13.65
13.65
13.65
13.65
11.12
11.12
11.12
11.12
12.99
12.99
12.99
12.99
11.69
11.69
11.69
11.69
9.73
9.73
9.73
9.73
12.72
12.72
12.72
12.72
11.17
11.17
11.17
11.17
13.05
13.05
13.05
13.05
13.86
13.86
13.86
13.86
15.92
15.92
15.92
15.92
15.89
15.89
15.89
15.89
12.08
12.08
12.08
12.08
13.15
13.15
13.15
13.15
12.06
12.06
12.06
12.06
11.09
11.09
11.09
11.09
12.61
12.61
12.61
12.61
12.48
12.48
12.48
12.48
11.38
11.38
11.38
11.38
11.23
11.23
11.23
11.23
11.69
11.69
11.69
11.69
13.27
13.27
13.27
13.27
11.64
11.64
11.64
11.64
12.26
12.26
12.26
12.26
12.16
12.16
12.16
12.16
13.68
13.68
13.68
13.68
10.81
10.81
10.81
10.81
13.01
13.01
13.01
13.01
11.29
11.29
11.29
11.29
12.20
12.20
12.20
12.20
12.06
12.06
12.06
12.06
11.79
11.79
11.79
11.79
13.05
13.05
13.05
13.05
10.86
10.86
10.86
10.86
11.25
11.25
11.25
11.25
12.62
12.62
12.62
12.62
12.42
12.42
12.42
12.42
11.95
11.95
11.95
11.95
10.46
10.46
10.46
10.46
13.45
13.45
13.45
13.45
12.00
12.00
12.00
12.00
11.35
11.35
11.35
11.35
12.16
12.16
12.16
12.16
11.45
11.45
11.45
11.45
13.26
13.26
13.26
13.26
11.86
11.86
11.86
11.86
12.25
12.25
12.25
12.25
11.53
11.53
11.53
11.53
12.66
12.66
12.66
12.66
10.43
10.43
10.43
10.43
10.70
10.70
10.70
10.70
11.18
11.18
11.18
11.18
9.17
9.17
9.17
9.17
10.21
10.21
10.21
10.21
9.12
9.12
9.12
9.12
11.04
11.04
11.04
11.04
9.64
9.64
9.64
9.64
11.35
11.35
11.35
11.35
9.54
9.54
9.54
9.54
11.04
11.04
11.04
11.04
10.19
10.19
10.19
10.19
9.07
9.07
9.07
9.07
9.87
9.87
9.87
9.87
12.02
12.02
12.02
12.02
11.02
11.02
11.02
11.02
11.02
10.71
10.71
10.71
10.71
9.91
9.91
9.91
9.91
9.74
9.74
9.74
9.74
10.08
10.08
10.08
10.08
9.22
9.22
9.22
9.22
10.18
10.18
10.18
10.18
10.36
10.36
10.36
10.36
10.36
11.60
11.60
11.60
11.60
11.60
11.60
11.60
12.15
12.15
12.15
12.15
12.15
12.15
12.15
