0.13175497949123383,1
0.09853220731019974,1
0.034383002668619156,1
0.13248246908187866,1
0.09791778028011322,1
0.049302324652671814,1
0.08315011113882065,1
0.07307875156402588,1
0.028506644070148468,1
0.09526066482067108,1
0.17947876453399658,1
0.0477333664894104,1
0.14070485532283783,1
0.06407073140144348,1
0.16542339324951172,1
0.19380998611450195,1
0.14194388687610626,1
0.1759774535894394,1
0.12597034871578217,1
0.03744710609316826,1
0.11745280027389526,1
0.11648539453744888,1
0.12748317420482635,1
0.18559591472148895,1
0.0880589634180069,1
0.07444273680448532,1
0.054673295468091965,1
0.10808274149894714,1
0.12154075503349304,1
0.03830218315124512,1
0.04174003750085831,1
0.05387914553284645,1
0.1011001318693161,1
0.09876316785812378,1
0.05141744390130043,1
0.02901511639356613,1
0.2446931004524231,1
0.03154116868972778,1
0.22115354239940643,1
0.07143983989953995,1
0.049553100019693375,1
0.10706274956464767,1
0.06076684221625328,1
0.0716303139925003,1
0.08450251072645187,1
0.12691111862659454,1
0.08949723839759827,1
0.03191916644573212,1
0.062084175646305084,1
0.07916861772537231,1
0.05425600707530975,1
0.06398157775402069,1
0.03721421957015991,1
0.13108482956886292,1
0.10987716168165207,1
0.09063687920570374,1
0.016680510714650154,1
0.11268354207277298,1
0.032166846096515656,1
0.0978611633181572,1
0.20505602657794952,1
0.10242593288421631,1
0.037140462547540665,1
0.020457256585359573,1
0.06920628249645233,1
0.057353291660547256,1
0.24148298799991608,1
0.15394394099712372,1
0.18263334035873413,1
0.14841635525226593,1
0.06441788375377655,1
0.05629613250494003,1
0.02534361369907856,1
0.06670606136322021,1
0.08930566161870956,1
0.05140400677919388,1
0.16387905180454254,1
0.11434142291545868,1
0.05247670039534569,1
0.07607707381248474,1
0.03400484845042229,1
0.022285744547843933,1
0.13950571417808533,1
0.0890296995639801,1
0.019176481291651726,1
0.2423870861530304,1
0.047187440097332,1
0.05504344776272774,1
0.11225631833076477,1
0.1333712637424469,1
0.09224123507738113,1
0.09374240040779114,1
0.018053511157631874,1
0.037442728877067566,1
0.08799879252910614,1
0.08606982976198196,1
0.15862524509429932,1
0.04571077972650528,1
0.08911499381065369,1
0.0712379664182663,1
0.04512631148099899,1
0.15316027402877808,1
0.05281999707221985,1
0.10185136646032333,1
0.04878741130232811,1
0.2502116560935974,1
0.09720068424940109,1
0.12733259797096252,1
0.14852997660636902,1
0.10003097355365753,1
0.11829786747694016,1
0.07617224752902985,1
0.17265665531158447,1
0.11821963638067245,1
0.08861666172742844,1
0.1356896013021469,1
0.07229230552911758,1
0.0581897497177124,1
0.13928629457950592,1
0.10150177776813507,1
0.1371220350265503,1
0.03499865159392357,1
0.09402453154325485,1
0.10845965892076492,1
0.0626106858253479,1
0.167644202709198,1
0.05123499035835266,1
0.11015577614307404,1
0.02356441132724285,1
0.16825762391090393,1
0.1256730705499649,1
0.01855456456542015,1
0.12993775308132172,1
0.18109779059886932,1
0.13732115924358368,1
0.08591610193252563,1
0.08648106455802917,1
0.054719433188438416,1
0.07856236398220062,1
0.10939417779445648,1
0.06829570233821869,1
0.06453099846839905,1
0.14894548058509827,1
0.09905579686164856,1
0.1692395806312561,1
0.08762306720018387,1
0.07281947135925293,1
0.035492587834596634,1
0.14555399119853973,1
0.07032717764377594,1
0.17259648442268372,1
0.10888013243675232,1
0.09788243472576141,1
0.12310664355754852,1
0.0257139652967453,1
0.13189706206321716,1
0.127549946308136,1
0.04750479385256767,1
0.13628879189491272,1
0.21786609292030334,1
0.025458067655563354,1
0.17459768056869507,1
0.1324363648891449,1
0.037569306790828705,1
0.0950716882944107,1
0.09390418976545334,1
0.048236407339572906,1
0.09467989951372147,1
0.31404292583465576,1
0.09033645689487457,1
0.040313318371772766,1
0.06482550501823425,1
0.054790906608104706,1
0.02827608771622181,1
0.11844535171985626,1
0.02959456294775009,1
0.021776368841528893,1
0.12938934564590454,1
0.1968168467283249,1
0.07336550205945969,1
0.044491976499557495,1
0.05664525926113129,1
0.061016689985990524,1
0.15679624676704407,1
0.04007228836417198,1
0.06821802258491516,1
0.269182413816452,1
0.14574167132377625,1
0.13144788146018982,1
0.07178445905447006,1
0.04992592707276344,1
0.16455769538879395,1
0.04981393367052078,1
0.21117444336414337,1
0.04179640859365463,1
0.0979912132024765,1
0.06451503187417984,1
0.048121631145477295,1
0.09947219491004944,1
0.10269951075315475,1
0.04111557826399803,1
0.13286621868610382,1
0.023930668830871582,1
0.048020049929618835,1
0.06686189025640488,1
0.052121326327323914,1
0.08259112387895584,1
0.06422534584999084,1
0.06939766556024551,1
0.02017298713326454,1
0.03052283264696598,1
0.06891848146915436,1
0.21904000639915466,1
0.03921728953719139,1
0.039625246077775955,1
0.07345697283744812,1
0.06117517128586769,1
0.07009411603212357,1
0.17894995212554932,1
0.07980004698038101,1
0.1206684410572052,1
0.09424680471420288,1
0.040850281715393066,1
0.05080188065767288,1
0.04627818241715431,1
0.12151343375444412,1
0.11522684246301651,1
0.023460451513528824,1
0.16560201346874237,1
0.06973666697740555,1
0.11774516105651855,1
0.20556113123893738,1
0.039818912744522095,1
0.06565207988023758,1
0.05523606017231941,1
0.038487132638692856,1
0.11218762397766113,1
0.08384858071804047,1
0.034934982657432556,1
0.07655023783445358,1
0.05929914489388466,1
0.055378325283527374,1
0.06174173206090927,1
0.10273072123527527,1
0.02023768611252308,1
0.11933698505163193,1
0.08081429451704025,1
0.058100827038288116,1
0.06854970753192902,1
0.12418767064809799,1
0.11402489244937897,1
0.09465435147285461,1
0.032358039170503616,1
0.05883852392435074,1
0.07635419070720673,1
0.07897177338600159,1
0.10592617839574814,1
0.10096092522144318,1
0.05581364408135414,1
0.06989589333534241,1
0.09068624675273895,1
0.10567882657051086,1
0.06608477979898453,1
0.03287859261035919,1
0.07065564393997192,1
0.01982641965150833,1
0.036377061158418655,1
0.1335279643535614,1
0.045682065188884735,1
0.040807094424963,1
0.06856199353933334,1
0.09086890518665314,1
0.037947338074445724,1
0.035542842000722885,1
0.12173086404800415,1
0.06877277791500092,1
0.1287907063961029,1
0.07298959791660309,1
0.05778984725475311,1
0.036869704723358154,1
0.025756793096661568,1
0.04314284771680832,1
0.053797606378793716,1
0.07718371599912643,1
0.12743991613388062,1
0.03498092293739319,1
0.15099626779556274,1
0.16212362051010132,1
0.06776290386915207,1
0.01737428456544876,1
0.1037839725613594,1
0.06581873446702957,1
0.048522405326366425,1
0.09859214723110199,1
0.10482455790042877,1
0.04001540318131447,1
0.01819663494825363,1
0.040925532579422,1
0.07945625483989716,1
0.10092703998088837,1
0.13454514741897583,1
0.11656952649354935,1
0.1576651781797409,1
0.09186968952417374,1
0.043910667300224304,1
0.10367351770401001,1
0.1084103137254715,1
0.03490879759192467,1
0.03161998838186264,1
0.02804807387292385,1
0.13246724009513855,1
0.07814915478229523,1
0.02658611536026001,1
0.05618860572576523,1
0.012865661643445492,1
0.07447917759418488,1
0.06491216272115707,1
0.055697910487651825,1
0.021294012665748596,1
0.16589301824569702,1
0.09962528944015503,1
0.09149997681379318,1
0.07733353227376938,1
0.038843680173158646,1
0.047874048352241516,1
0.08597953617572784,1
0.08500966429710388,1
0.09017237275838852,1
0.08843832463026047,1
0.09866195917129517,1
0.1787097156047821,1
0.03329399600625038,1
0.19070889055728912,1
0.05718306452035904,1
0.035398323088884354,1
0.06117595359683037,1
0.013086573220789433,1
0.21445214748382568,1
0.05445651710033417,1
0.06795947253704071,1
0.130382239818573,1
0.07040728628635406,1
0.030897600576281548,1
0.057293303310871124,1
0.017913687974214554,1
0.014925275929272175,1
0.05136486515402794,1
0.09430451691150665,1
0.17941617965698242,1
0.05577676370739937,1
0.07557713985443115,1
0.26113563776016235,1
0.03927487134933472,1
0.1346571445465088,1
0.04759693890810013,1
0.07807401567697525,1
0.08417950570583344,1
0.09165249019861221,1
0.08868458867073059,1
0.05708712339401245,1
0.048600174486637115,1
0.017957277595996857,1
0.052887462079524994,1
0.061302512884140015,1
0.06799466907978058,1
0.027623284608125687,1
0.03358667716383934,1
0.04827355593442917,1
0.1531350165605545,1
0.06485066562891006,1
0.03504958748817444,1
0.07768309116363525,1
0.10691830515861511,1
0.1177976131439209,1
0.04114457964897156,1
0.13581013679504395,1
0.03777089715003967,1
0.06606292724609375,1
0.05894048139452934,1
0.027521027252078056,1
0.09827582538127899,1
0.0685713067650795,1
0.04706108570098877,1
0.037780143320560455,1
0.04850586876273155,1
0.03258995711803436,1
0.03503759205341339,1
0.06472260504961014,1
0.03024839237332344,1
0.04629068076610565,1
0.060007836669683456,1
0.10070865601301193,1
0.039729926735162735,1
0.04628415405750275,1
0.07977360486984253,1
0.0510125495493412,1
0.0256909541785717,1
0.07187271118164063,1
0.08286426961421967,1
0.095931775867939,1
0.07766085118055344,1
0.041454337537288666,1
0.03940383344888687,1
0.017700154334306717,1
0.04968613013625145,1
0.07070484012365341,1
0.067021943628788,1
0.0825585126876831,1
0.01838758774101734,1
0.18003231287002563,1
0.02472848817706108,1
0.1299443244934082,1
0.09387233853340149,1
0.046719975769519806,1
0.02373603545129299,1
0.0523795485496521,1
0.12181204557418823,1
0.1277598887681961,1
0.14558467268943787,1
0.049482427537441254,1
0.07810512185096741,1
0.031370729207992554,1
0.020847352221608162,1
0.11910653114318848,1
0.05506129935383797,1
0.07567381113767624,1
0.0928865596652031,1
0.09050117433071136,1
0.12697912752628326,1
0.0481664314866066,1
0.026375122368335724,1
0.0860966145992279,1
0.023848630487918854,1
0.045503921806812286,1
0.03138815984129906,1
0.04239659756422043,1
0.07142996042966843,1
0.19501911103725433,1
0.044025126844644547,1
0.20846973359584808,1
0.027453366667032242,1
0.02407534047961235,1
0.06470589339733124,1
0.09051365405321121,1
0.05330895632505417,1
0.05696018040180206,1
0.050534579902887344,1
0.0349743515253067,1
0.04993504285812378,1
0.0451994463801384,1
0.022869231179356575,1
0.20386424660682678,1
0.11939796805381775,1
0.03231308236718178,1
0.10969537496566772,1
0.04234582930803299,1
0.08621563017368317,1
0.08966866135597229,1
0.14813680946826935,1
0.04429280385375023,1
0.09083771705627441,1
0.11686645448207855,1
0.044685762375593185,1
0.04659729450941086,1
0.013607983477413654,1
0.018789559602737427,1
0.18712633848190308,1
0.07768727093935013,1
0.07468708604574203,1
0.03759424760937691,1
0.07939610630273819,1
0.12139914929866791,1
0.06721064448356628,1
0.07841788977384567,1
0.0445786789059639,1
0.0453120693564415,1
0.07427553832530975,1
0.03935156762599945,1
0.057790085673332214,1
0.0626138225197792,1
0.07958728075027466,1
0.05648987367749214,1
0.10282992571592331,1
0.025502828881144524,1
0.0617755763232708,1
0.035482533276081085,1
0.05678463727235794,1
0.014662760309875011,1
0.1595882773399353,1
0.07572822272777557,1
0.03230440616607666,1
0.17431551218032837,1
0.0541226789355278,1
0.13235750794410706,1
0.04016317427158356,1
0.05353641137480736,1
0.05684041231870651,1
0.06626410037279129,1
0.0918540358543396,1
0.10223802924156189,1
0.01557410042732954,1
0.15544359385967255,1
0.13494740426540375,1
0.11932913213968277,1
0.09762559086084366,1
0.06280933320522308,1
0.07375993579626083,1
0.04041825979948044,1
0.09981576353311539,1
0.14914098381996155,1
0.07005206495523453,1
0.03905007243156433,1
0.08072759211063385,1
0.08066149055957794,1
0.06527333706617355,1
0.06945168226957321,1
0.041206151247024536,1
0.12167979776859283,1
0.07876155525445938,1
0.053650401532649994,1
0.061927974224090576,1
0.027903655543923378,1
0.1608753800392151,1
0.012399258092045784,1
0.033502932637929916,1
0.042818620800971985,1
0.013618546538054943,1
0.11378926783800125,1
0.004790223203599453,1
0.11743220686912537,1
0.02569900080561638,1
0.03666473925113678,1
0.039061080664396286,1
0.09450294077396393,1
0.1077461838722229,1
0.029805410653352737,1
0.06890977174043655,1
0.10867904126644135,1
0.07503190636634827,1
0.021808162331581116,1
0.03397919237613678,1
0.0644671693444252,1
0.049649953842163086,1
0.021512940526008606,1
0.053004056215286255,1
0.1260126382112503,1
0.09250545501708984,1
0.02805894985795021,1
0.0904998779296875,1
0.12358035147190094,1
0.03703007474541664,1
0.10157021880149841,1
0.07269525527954102,1
0.2209150493144989,1
0.03925338014960289,1
0.09503043442964554,1
0.03897111117839813,1
0.08013422042131424,1
0.02569342777132988,1
0.03862251713871956,1
0.13789154589176178,1
0.06054913252592087,1
0.08642418682575226,1
0.11771612614393234,1
0.06269633024930954,1
0.11336476355791092,1
0.07228415459394455,1
0.17434337735176086,1
0.08935907483100891,1
0.11846619099378586,1
0.06600537151098251,1
0.08319371938705444,1
0.043747078627347946,1
0.04455564171075821,1
0.04860962554812431,1
0.020033951848745346,1
0.028705164790153503,1
0.01849820651113987,1
0.05001412332057953,1
0.0660315603017807,1
0.09928511083126068,1
0.08975397050380707,1
0.049498431384563446,1
0.09219367057085037,1
0.052062489092350006,1
0.04062732681632042,1
0.0752563327550888,1
0.03027116321027279,1
0.04965316131711006,1
0.12583735585212708,1
0.060114145278930664,1
0.088250532746315,1
0.05131231248378754,1
0.04891883581876755,1
0.053801197558641434,1
0.022040024399757385,1
0.12325713038444519,1
0.03675283119082451,1
0.11919374763965607,1
0.019974935799837112,1
0.15857931971549988,1
0.06555522978305817,1
0.1696196347475052,1
0.019847331568598747,1
0.025722632184624672,1
0.15723688900470734,1
0.07271863520145416,1
0.054863009601831436,1
0.09264695644378662,1
0.12956130504608154,1
0.16257518529891968,1
0.06464831531047821,1
0.05605453625321388,1
0.13766586780548096,1
0.042707957327365875,1
0.094057597219944,1
0.010948018170893192,1
0.14544418454170227,1
0.0684008076786995,1
0.06618785858154297,1
0.05204659327864647,1
0.013344786129891872,1
0.048992305994033813,1
0.10036761313676834,1
0.04126591980457306,1
0.05439683422446251,1
0.013268538750708103,1
0.019311634823679924,1
0.07255783677101135,1
0.06289345026016235,1
0.023153668269515038,1
0.057776182889938354,1
0.10426423698663712,1
0.03413684293627739,1
0.08627679944038391,1
0.04300876706838608,1
0.07222700119018555,1
0.05536659061908722,1
0.09708606451749802,1
0.10668444633483887,1
0.34840327501296997,1
0.014223137870430946,1
0.020739754661917686,1
0.09703264385461807,1
0.09913265705108643,1
0.08410531282424927,1
0.2536420524120331,1
0.07032179832458496,1
0.059840280562639236,1
0.05786708742380142,1
0.03911031782627106,1
0.08543649315834045,1
0.09716664254665375,1
0.0745556503534317,1
0.05418841168284416,1
0.17022182047367096,1
0.030125655233860016,1
0.05573154240846634,1
0.04364906996488571,1
0.07503563165664673,1
0.09124651551246643,1
0.030850131064653397,1
0.02885996550321579,1
0.04240059480071068,1
0.035916853696107864,1
0.07639087736606598,1
0.2550137937068939,1
0.14875248074531555,1
0.07675369083881378,1
0.012819834053516388,1
0.12029886990785599,1
0.06957212835550308,1
0.02199903316795826,1
0.01220836490392685,1
0.04778507724404335,1
0.09220734238624573,1
0.046033114194869995,1
0.0654967799782753,1
0.037619464099407196,1
0.08620759099721909,1
0.031228408217430115,1
0.13749796152114868,1
0.09946756064891815,1
0.07074613869190216,1
0.027272887527942657,1
0.020255260169506073,1
0.05637256056070328,1
0.034263014793395996,1
0.13561922311782837,1
0.05509224534034729,1
0.030329305678606033,1
0.04374893009662628,1
0.02622479759156704,1
0.07492588460445404,1
0.05121678113937378,1
0.04011976718902588,1
0.09499191492795944,1
0.039239563047885895,1
0.033409006893634796,1
0.04207756370306015,1
0.14166861772537231,1
0.03254016488790512,1
0.06459076702594757,1
0.07556995749473572,1
0.09582455456256866,1
0.036628711968660355,1
0.011124853976070881,1
0.0487106591463089,1
0.029803603887557983,1
0.009444929659366608,1
0.018237123265862465,1
0.02473318576812744,1
0.016663022339344025,1
0.06075083464384079,1
0.011340388096868992,1
0.03393824025988579,1
0.039072003215551376,1
0.14754267036914825,1
0.010927367955446243,1
0.09618493914604187,1
0.040314044803380966,1
0.12213124334812164,1
0.11090070754289627,1
0.08892423659563065,1
0.06024564802646637,1
0.04479217901825905,1
0.013181853108108044,1
0.144345223903656,1
0.046204447746276855,1
0.01836867444217205,1
0.026935625821352005,1
0.03443041443824768,1
0.089302197098732,1
0.10884656757116318,1
0.06630909442901611,1
0.12028174847364426,1
0.029276268556714058,1
0.3261931538581848,1
0.06672337651252747,1
0.014028879813849926,1
0.029319120571017265,1
0.01351175457239151,1
0.09079671651124954,1
0.089173823595047,1
0.00975634716451168,1
0.025692680850625038,1
0.07229611277580261,1
0.07983116805553436,1
0.026134341955184937,1
0.09955191612243652,1
0.11976858973503113,1
0.1432269811630249,1
0.019680261611938477,1
0.11135146021842957,1
0.07240812480449677,1
0.027951763942837715,1
0.10720397531986237,1
0.14170652627944946,1
0.14979299902915955,1
0.043007344007492065,1
0.06968358159065247,1
0.0536515973508358,1
0.06868327409029007,1
0.0278183426707983,1
0.10460623353719711,1
0.06780537962913513,1
0.1168004497885704,1
0.07291807979345322,1
0.012540571391582489,1
0.037290796637535095,1
0.01620924100279808,1
0.022111820057034492,1
0.11650359630584717,1
0.07115142047405243,1
0.013988394290208817,1
0.02896582894027233,1
0.06369990110397339,1
0.0697736144065857,1
0.07559967786073685,1
0.022995173931121826,1
0.015029262751340866,1
0.12675538659095764,1
0.009829461574554443,1
0.06716017425060272,1
0.18817196786403656,1
0.12320780754089355,1
0.02414510026574135,1
0.0586027055978775,1
0.11505132168531418,1
0.019496992230415344,1
0.035679809749126434,1
0.041898567229509354,1
0.1260235756635666,1
0.021722462028265,1
0.1024085059762001,1
0.04255898296833038,1
0.06736116111278534,1
0.015623576007783413,1
0.0780380591750145,1
0.09336911141872406,1
0.07212518155574799,1
0.1583946943283081,1
0.06184899061918259,1
0.07440068572759628,1
0.09126956760883331,1
0.12586957216262817,1
0.04476786404848099,1
0.05364555865526199,1
0.14967794716358185,1
0.03525090590119362,1
0.07546646147966385,1
0.023773174732923508,1
0.051819831132888794,1
0.25299978256225586,1
0.09087727963924408,1
0.17598316073417664,1
0.02389824390411377,1
0.08034365624189377,1
0.014139135368168354,1
0.06595096737146378,1
0.018315352499485016,1
0.06193622201681137,1
0.033170972019433975,1
0.028557129204273224,1
0.011439100839197636,1
0.03262012079358101,1
0.01026022620499134,1
0.07225541770458221,1
0.08138900995254517,1
0.04657860845327377,1
0.09272212535142899,1
0.0478893518447876,1
0.10921882092952728,1
0.24143919348716736,1
0.06425496190786362,1
0.08074042201042175,1
0.029861820861697197,1
0.009661654941737652,1
0.09302955865859985,1
0.04969543591141701,1
0.03887522965669632,1
0.1114882156252861,1
0.010795877315104008,1
0.06978855282068253,1
0.049989234656095505,1
0.03300030529499054,1
0.11553113907575607,1
0.036837730556726456,1
0.016205355525016785,1
0.038999464362859726,1
0.022215664386749268,1
0.03942686691880226,1
0.04570921137928963,1
0.06727197021245956,1
0.04606383666396141,1
0.06899901479482651,1
0.10789663344621658,1
0.03561096638441086,1
0.06785041093826294,1
0.01899409107863903,1
0.02772197313606739,1
0.01921488530933857,1
0.047510500997304916,1
0.10644599795341492,1
0.10845072567462921,1
0.04753241315484047,1
0.1932532638311386,1
0.16073960065841675,1
0.04628347232937813,1
0.14404433965682983,1
0.03663759306073189,1
0.028828158974647522,1
0.05036298185586929,1
0.06854601949453354,1
0.05325935035943985,1
0.038823455572128296,1
0.05930472910404205,1
0.08686117827892303,1
0.038869310170412064,1
0.17013366520404816,1
0.10055598616600037,1
0.08651378750801086,1
0.09898427128791809,1
0.10388626158237457,1
0.029824020341038704,1
0.03877449035644531,1
0.05623208358883858,1
0.13137684762477875,1
0.06122468784451485,1
0.04256689175963402,1
0.05418556183576584,1
0.045215338468551636,1
0.0639520063996315,1
0.05223103240132332,1
0.04194756597280502,1
0.0736255943775177,1
0.018799569457769394,1
0.08047184348106384,1
0.03523043170571327,1
0.008860744535923004,1
0.02840469218790531,1
0.009816115722060204,1
0.023284273222088814,1
0.024203583598136902,1
0.08915653824806213,1
0.06581933796405792,1
0.007869774475693703,1
0.032257650047540665,1
0.07104356586933136,1
0.14166629314422607,1
0.1492597460746765,1
0.023416148498654366,1
0.028852609917521477,1
0.025519561022520065,1
0.06646233797073364,1
0.10141494870185852,1
0.07616576552391052,1
0.06825496256351471,1
0.016152460128068924,1
0.08631281554698944,1
0.07681620866060257,1
0.026037706062197685,1
0.050673894584178925,1
0.047123659402132034,1
0.04576828330755234,1
0.030099639669060707,1
0.031421154737472534,1
0.052838750183582306,1
0.025973472744226456,1
0.010485640726983547,1
0.07274563610553741,1
0.024591024965047836,1
0.009649650193750858,1
0.09244699776172638,1
0.003924400079995394,1
0.03344851732254028,1
0.07601704448461533,1
0.03279698267579079,1
0.006316094659268856,1
0.07517744600772858,1
0.059121184051036835,1
0.10495956987142563,1
0.07668416202068329,1
0.002820733468979597,1
