23.278538752
23.217524736
23.215173632
23.164207104
23.144030208
23.491477504
23.452848128
23.431462912
23.40632576
23.324286976
23.267323904
23.235260416
23.18188544
23.162134528
23.140028416
23.08734976
23.04679936
23.028457472
23.019728896
23.037165568
23.040679936
23.041110016
23.041110016
23.041388544
23.050371072
23.050338304
23.053062144
23.052107776
23.05048576
23.067394048
23.074770944
23.081193472
23.088771072
23.089516544
23.084261376
23.080718336
23.073169408
23.073398784
23.072538624
23.07119104
23.071371264
23.07180544
23.071014912
23.072661504
23.071215616
23.075254272
23.07452928
23.07428352
23.074369536
23.080300544
23.0685696
23.068315648
23.067348992
23.096848384
23.081414656
23.08677632
23.086739456
23.086739456
23.086985216
23.086985216
23.086985216
23.085637632
23.085621248
23.086624768
23.08524032
23.08524032
23.085469696
23.081742336
23.080706048
23.095517184
23.095517184
23.098064896
23.097761792
23.095836672
23.095836672
23.099191296
23.099191296
23.099293696
23.099293696
23.099293696
23.094124544
23.094124544
23.094124544
23.095099392
23.092498432
23.0928384
23.0928384
23.0928384
23.090274304
23.090274304
23.090274304
23.090274304
23.092015104
23.092015104
23.092015104
23.093506048
23.091019776
23.086915584
23.08743168
23.091519488
23.090491392
23.090491392
23.090720768
23.090720768
23.096672256
23.09701632
23.09701632
23.09701632
23.101505536
23.093559296
23.093559296
23.093559296
23.09920768
23.09920768
23.09920768
23.09920768
23.099465728
23.099465728
23.099465728
23.099695104
23.100157952
23.100157952
23.100157952
23.100157952
23.101177856
23.101177856
23.101177856
23.101177856
23.095513088
23.095771136
23.095771136
23.094501376
23.096295424
23.096295424
23.096295424
23.096295424
23.0930432
23.0930432
23.091286016
23.091130368
23.091130368
23.090982912
23.090982912
23.090982912
23.08964352
23.089577984
23.089577984
23.089577984
23.091703808
23.091703808
23.091703808
23.09093376
23.089328128
23.089557504
23.089557504
23.089557504
23.097798656
23.097798656
23.097798656
23.097827328
23.099314176
23.099314176
23.099314176
23.098998784
23.098372096
23.098339328
23.098339328
23.09779456
23.102697472
23.102697472
23.102697472
23.102697472
23.131467776
23.131467776
23.131697152
23.129673728
23.124189184
23.124189184
23.124189184
23.121416192
23.117561856
23.117533184
23.117533184
23.11135232
23.114477568
23.11708672
23.117115392
23.11503872
23.111016448
23.111503872
23.111503872
23.104344064
23.104344064
23.104745472
23.104745472
23.105196032
23.103643648
23.103873024
23.103873024
23.104708608
23.104708608
23.104712704
23.104704512
23.104806912
23.10641664
23.10641664
23.10641664
23.106699264
23.102169088
23.102169088
23.102169088
23.10141952
23.10293504
23.10293504
23.10293504
23.101411328
23.100923904
23.100923904
23.100923904
23.12589312
23.131828224
23.131828224
23.13105408
23.130898432
23.129817088
23.129817088
23.120924672
23.121526784
23.129100288
23.129329664
23.129427968
23.129427968
23.126142976
23.12763392
23.127035904
23.127035904
23.132176384
23.132176384
23.132213248
23.132557312
23.127207936
23.127953408
23.127965696
23.128195072
23.131578368
23.131578368
23.125680128
23.125680128
23.125684224
23.125684224
23.127314432
23.12728576
23.124873216
23.123755008
23.12257536
23.12257536
23.121850368
23.121850368
23.1220224
23.122653184
23.12296448
23.12296448
23.12218624
23.12206336
23.128252416
23.12257536
23.122149376
23.122149376
23.126798336
23.126798336
23.126790144
23.127392256
23.134097408
23.134097408
23.133966336
23.135772672
23.135440896
23.135158272
23.1349248
23.134715904
23.134715904
23.12910848
23.122960384
23.122960384
23.12599552
23.125938176
23.123202048
23.123202048
23.125745664
23.125741568
23.154864128
23.140315136
23.140315136
23.140171776
23.122939904
23.125778432
23.12562688
23.116939264
23.116824576
23.120297984
23.120297984
23.12075264
23.11970816
23.113383936
23.11329792
23.112941568
23.108431872
23.111897088
23.111897088
23.111856128
23.111856128
23.111856128
23.108329472
23.108575232
23.109062656
23.1068672
23.106678784
23.106936832
23.106936832
23.10641664
23.10641664
23.106064384
23.106064384
23.108186112
23.108186112
23.107985408
23.107985408
23.107985408
23.107334144
23.107334144
23.107334144
23.106179072
23.106179072
23.105900544
23.105900544
23.118393344
23.118393344
23.110361088
23.111135232
23.108288512
23.108169728
23.1089152
23.1089152
23.1089152
23.1076864
23.117438976
23.117438976
23.117033472
23.117033472
23.111102464
23.110905856
23.11168
23.11168
23.104638976
23.104638976
23.113027584
23.113027584
23.112142848
23.112142848
23.109926912
23.109926912
23.110668288
23.110668288
23.117463552
23.117463552
23.117205504
23.117205504
23.109046272
23.109046272
23.120101376
23.120101376
23.11958528
23.11145472
23.11145472
23.119843328
23.119843328
23.121780736
23.121780736
23.113658368
23.113658368
23.122046976
23.122046976
23.122649088
23.122649088
23.11677952
23.11677952
23.122264064
23.122264064
23.126417408
23.126417408
23.126663168
23.126663168
23.13271296
23.13271296
23.132942336
23.132942336
23.132942336
23.132942336
23.130271744
23.130271744
23.13017344
23.13017344
23.130365952
23.130365952
23.130365952
23.130365952
23.130103808
23.130103808
23.130103808
23.130103808
23.131938816
23.131938816
23.132168192
23.132168192
23.132168192
23.132168192
23.132168192
23.132168192
23.132151808
23.132151808
23.126740992
23.126740992
23.126740992
23.126740992
23.126740992
23.126740992
23.126970368
23.126970368
23.12861696
23.12861696
23.12861696
23.12861696
23.12861696
23.12861696
23.12861696
23.12861696
23.12861696
23.12861696
23.134875648
23.134875648
23.126745088
23.126745088
23.135133696
23.135133696
23.135133696
23.135133696
23.13457664
23.13457664
23.13486336
23.13486336
23.13486336
23.13486336
23.133417472
23.133417472
23.133417472
23.133417472
23.1317504
23.1317504
23.1317504
23.131979776
23.131979776
23.131979776
23.132008448
23.132008448
23.132008448
23.131648
23.131648
23.131648
23.123914752
23.123914752
23.149592576
23.149592576
