56.89
65.00
58.26
63.05
58.28
59.69
62.12
59.70
59.58
63.53
61.28
59.72
65.22
58.92
59.92
61.56
63.77
59.85
59.80
59.80
59.62
57.50
57.72
57.61
57.74
56.97
57.51
57.52
57.27
57.20
57.22
57.17
57.29
57.07
57.63
57.02
57.54
57.54
57.05
58.25
57.05
57.42
57.16
57.81
57.74
57.88
56.93
57.39
56.89
57.19
57.03
57.67
56.84
50.43
40.04
30.36
27.07
27.07
28.20
30.93
30.86
30.90
30.44
31.13
27.67
27.67
28.82
29.98
30.57
29.58
30.12
31.34
27.83
25.00
25.00
28.62
30.20
29.20
29.12
29.53
28.50
28.50
29.16
31.52
30.79
30.71
29.95
30.59
28.59
28.59
28.44
30.41
27.90
27.90
28.97
32.08
31.11
31.43
31.46
30.80
31.57
31.18
29.98
31.44
32.17
30.72
30.79
31.50
32.19
31.21
29.68
30.28
28.80
28.80
28.73
30.10
29.75
27.51
27.51
28.46
31.05
27.30
27.30
29.02
30.29
29.22
29.40
29.85
29.95
26.71
26.71
28.82
30.11
29.16
29.63
29.96
30.08
29.68
27.69
25.48
25.48
28.70
29.79
29.90
30.05
28.64
28.64
28.71
29.76
30.13
29.81
28.54
30.03
28.51
28.51
29.02
30.74
27.65
27.65
28.88
30.68
29.84
30.50
29.76
29.87
27.97
27.97
28.59
29.79
27.66
25.69
25.69
32.01
30.66
28.75
29.79
29.76
29.18
30.16
29.24
29.93
28.10
28.10
28.71
30.79
30.39
29.69
30.01
29.45
29.20
30.56
28.23
28.23
28.68
29.85
29.64
30.89
29.81
30.00
27.63
27.63
28.85
29.11
30.17
30.90
30.13
29.18
29.32
29.54
30.31
29.20
29.58
30.77
28.66
29.46
29.65
30.11
27.44
27.44
28.78
29.23
29.23
28.64
30.29
29.79
31.19
31.19
31.13
33.05
30.70
30.08
30.69
31.70
30.51
30.62
31.06
31.87
30.98
30.54
30.69
31.18
30.91
31.10
32.65
31.66
30.87
30.85
31.48
31.34
30.76
31.22
31.33
32.34
30.52
30.69
30.92
30.97
29.98
31.47
31.14
29.15
30.64
30.70
31.19
30.67
29.97
27.58
27.58
28.59
29.06
29.85
29.51
29.88
30.00
29.21
30.42
30.52
29.56
29.49
27.92
27.92
29.08
31.20
30.52
31.70
30.75
30.22
30.89
31.35
30.79
35.31
32.98
30.77
29.34
31.30
30.55
29.62
28.44
30.47
27.68
27.68
29.01
31.44
30.07
29.21
30.20
29.24
30.58
29.22
30.17
28.86
28.86
29.29
29.89
30.21
30.70
31.40
30.39
30.01
28.24
28.24
29.02
29.57
30.97
28.85
30.05
27.15
27.15
29.68
30.38
30.62
28.76
28.76
28.89
29.93
26.73
26.73
30.03
31.23
31.05
24.91
25.77
25.24
25.24
29.40
25.65
24.72
25.21
25.21
29.72
31.71
25.94
25.94
29.26
29.94
19.47
19.47
23.66
23.66
23.60
23.60
17.79
17.79
19.61
19.61
20.56
20.56
19.18
19.18
15.78
15.78
21.12
12.50
12.50
13.19
13.19
16.69
16.69
14.68
14.68
14.20
14.20
10.04
10.04
14.25
14.25
13.62
13.62
12.03
12.03
11.81
11.81
12.61
12.61
13.00
13.00
12.70
12.70
12.39
12.39
12.48
12.48
12.58
12.58
13.31
13.31
13.77
13.77
12.58
12.58
12.32
12.32
12.82
12.82
12.68
12.68
12.11
12.11
12.40
12.40
12.64
12.64
12.96
12.96
12.23
12.23
13.61
13.61
12.13
12.13
12.71
12.71
12.13
12.13
12.60
12.60
12.65
12.65
13.29
13.29
7.72
7.72
11.15
11.15
12.03
12.03
14.44
14.44
12.02
12.02
12.95
12.95
12.25
12.25
12.25
12.25
12.84
12.84
12.84
11.65
11.65
11.65
10.53
10.53
10.53
11.06
11.06
11.06
11.38
11.38
13.84
13.84
