21.077512192
21.103640576
21.103640576
21.103640576
21.1105792
21.1105792
21.1105792
21.109936128
21.109936128
21.109936128
21.104328704
21.104328704
21.104328704
21.112745984
21.112745984
21.112745984
21.112766464
21.112766464
21.112766464
21.112766464
21.110554624
21.110554624
21.110554624
21.110554624
21.11158272
21.11158272
21.11158272
21.11158272
21.11158272
21.11158272
21.11158272
21.11158272
21.112070144
21.112070144
21.112070144
21.112070144
21.109891072
21.109891072
21.109891072
21.109891072
21.11565824
21.11565824
21.11565824
21.11565824
21.116575744
21.116575744
21.116575744
21.116575744
21.116604416
21.116604416
21.116604416
21.116604416
21.116567552
21.116567552
21.116567552
21.116567552
21.116567552
21.116567552
21.116567552
21.116567552
21.115838464
21.115838464
21.115838464
21.115838464
21.116325888
21.116325888
21.116325888
21.116325888
21.116325888
21.116325888
21.116325888
21.116325888
21.112877056
21.112877056
21.112877056
21.112877056
21.11367168
21.11367168
21.11367168
21.11367168
21.11070208
21.11070208
21.11070208
21.11070208
21.111447552
21.111447552
21.111447552
21.111447552
21.109489664
21.109489664
21.109489664
21.109489664
21.109485568
21.109485568
21.109485568
21.109485568
21.09566976
21.09566976
21.09566976
21.09566976
21.097627648
21.097627648
21.097627648
21.097627648
21.098643456
21.098643456
21.098643456
21.098643456
21.100761088
21.100761088
21.100761088
21.100761088
21.100986368
21.100986368
21.100986368
21.100986368
21.090971648
21.090971648
21.090971648
21.090971648
21.091708928
21.091708928
21.091708928
21.091708928
21.088579584
21.088579584
21.088579584
21.088579584
21.089611776
21.089611776
21.089611776
21.089611776
21.087043584
21.087043584
21.087043584
21.087043584
21.087543296
21.087543296
21.087543296
21.087543296
21.08665856
21.08665856
21.08665856
21.08665856
21.08649472
21.08649472
21.08649472
21.08649472
21.087207424
21.087207424
21.087207424
21.087207424
21.081919488
21.081919488
21.081919488
21.081919488
21.082624
21.082624
21.082624
21.082624
21.083656192
21.083656192
21.083656192
21.083656192
21.083738112
21.083738112
21.083738112
21.083738112
21.085384704
21.085384704
21.085384704
21.085384704
21.071437824
21.071437824
21.071437824
21.071437824
21.07365376
21.07365376
21.07365376
21.07365376
21.073391616
21.073391616
21.073391616
21.073391616
21.073391616
21.073391616
21.073391616
21.073391616
21.069205504
21.069205504
21.069205504
21.069205504
21.085581312
21.085581312
21.085581312
21.085581312
21.094199296
21.094199296
21.094199296
21.094199296
21.094334464
21.094334464
21.094334464
21.094334464
21.093429248
21.093429248
21.093429248
21.093429248
21.093429248
21.088227328
21.088227328
21.088227328
21.088227328
21.088227328
21.088223232
21.088223232
21.088223232
21.088223232
21.088968704
21.088968704
21.088968704
21.088968704
21.086396416
21.086396416
21.086396416
21.086396416
21.086396416
21.080264704
21.080264704
21.080264704
21.080264704
21.09892608
21.09892608
21.09892608
21.09892608
21.103714304
21.103714304
21.103714304
21.103714304
21.103988736
21.103988736
21.103988736
21.103988736
21.099118592
21.099118592
21.099118592
21.099118592
21.0921472
21.0921472
21.0921472
21.0921472
21.098201088
21.098201088
21.098201088
21.098201088
21.094948864
21.094948864
21.094948864
21.094948864
21.090885632
21.090885632
21.090885632
21.090885632
21.091733504
21.091733504
21.091733504
21.091733504
21.079588864
21.079588864
21.079588864
21.079588864
21.084233728
21.084233728
21.084233728
21.084233728
21.08561408
21.08561408
21.08561408
21.08561408
21.090402304
21.090402304
21.090402304
21.090402304
21.106024448
21.106024448
21.106024448
21.106024448
21.14332672
21.14332672
21.14332672
21.14332672
21.13685504
21.13685504
21.13685504
21.13685504
21.130579968
21.130579968
21.130579968
21.130579968
21.132251136
21.132251136
21.132251136
21.132251136
21.136859136
21.136859136
21.136859136
21.136859136
21.157761024
21.157761024
21.157761024
21.157761024
21.158719488
21.158719488
21.158719488
21.158719488
21.16052992
21.16052992
21.16052992
21.16052992
21.158178816
21.158178816
21.158178816
21.158178816
21.157941248
21.157941248
21.157941248
21.157941248
21.163626496
21.163626496
21.163626496
21.163626496
21.162778624
21.162778624
21.162778624
21.162778624
21.162778624
21.175099392
21.175099392
21.175099392
21.175099392
21.169369088
21.169369088
21.169369088
21.169369088
21.170741248
21.170741248
21.170741248
21.170741248
21.17613568
21.17613568
21.17613568
21.17613568
21.176897536
21.176897536
21.176897536
21.176897536
21.173768192
21.173768192
21.173768192
21.173768192
21.17429248
21.17429248
21.17429248
21.17429248
21.171556352
21.171556352
21.171556352
21.171556352
21.17697536
21.17697536
21.17697536
21.17697536
21.17697536
21.177315328
21.177315328
21.177315328
21.177315328
21.177315328
21.177536512
21.177536512
21.177536512
21.177536512
21.177536512
21.177294848
21.177294848
21.177294848
21.177294848
21.167050752
21.167050752
21.167050752
21.167050752
21.167050752
21.162766336
21.162766336
21.162766336
21.162766336
21.162766336
21.163020288
21.163020288
21.163020288
21.163020288
21.163020288
21.159440384
21.159440384
21.159440384
21.159440384
21.161127936
21.161127936
21.161127936
21.161127936
21.161127936
21.161357312
21.161357312
21.161357312
21.161357312
21.161357312
21.160513536
21.160513536
21.160513536
21.160513536
21.160513536
21.157584896
21.157584896
21.157584896
21.157584896
21.157584896
21.1623936
21.1623936
21.1623936
21.1623936
21.1623936
21.159706624
21.159706624
21.159706624
21.159706624
21.159706624
21.16114432
21.16114432
21.16114432
21.16114432
21.16114432
21.156794368
21.156794368
21.156794368
21.156794368
21.1591168
21.1591168
21.1591168
21.1591168
21.1716096
21.1716096
21.1716096
21.1716096
21.19090176
21.19090176
21.19090176
21.19090176
21.164929024
21.164929024
21.164929024
21.164929024
21.164929024
21.14770944
21.14770944
21.14770944
21.14770944
21.14770944
21.149876224
21.149876224
21.149876224
21.149876224
21.149876224
21.150695424
21.150695424
21.150695424
21.150695424
21.150695424
21.150142464
21.150142464
21.150142464
21.150142464
21.150142464
21.149974528
21.149974528
21.149974528
21.149974528
21.149974528
21.143990272
21.143990272
21.143990272
21.143990272
21.143990272
21.144010752
21.144010752
21.144010752
21.144010752
21.144010752
21.144444928
21.144444928
21.144444928
21.144444928
21.144444928
21.138399232
21.138399232
21.138399232
21.138399232
21.138874368
21.138874368
21.138874368
21.138874368
21.14402304
21.14402304
21.14402304
21.14402304
21.144014848
21.144014848
21.144014848
21.144014848
21.139841024
21.139841024
21.139841024
21.139841024
21.141471232
21.141471232
21.141471232
21.141471232
21.095735296
21.095735296
21.095735296
21.095735296
21.083738112
21.083738112
21.083738112
21.083738112
21.083738112
21.083738112
21.083738112
21.083738112
21.078765568
21.078765568
21.078765568
21.078765568
21.079220224
21.079220224
21.079220224
21.079220224
21.073281024
21.073281024
21.073281024
21.073281024
21.0735104
21.0735104
21.0735104
21.0735104
21.074018304
21.074018304
21.074018304
21.074018304
21.070446592
21.070446592
21.070446592
21.070446592
21.071470592
21.071470592
21.071470592
21.071470592
21.072818176
21.072818176
21.072818176
21.072818176
21.070200832
21.070200832
21.070200832
21.070200832
21.067264
21.067264
21.067264
21.067264
21.0674688
21.0674688
21.0674688
21.0674688
21.069422592
21.069422592
21.069422592
21.069422592
21.069422592
21.069422592
21.069422592
21.069422592
21.067792384
21.067792384
21.067792384
21.067792384
21.068038144
21.068038144
21.068038144
21.068038144
21.068259328
21.068259328
21.068259328
21.068259328
21.076017152
21.076017152
21.076017152
21.076017152
21.076422656
21.076422656
21.076422656
21.076422656
21.077159936
21.077159936
21.077159936
21.077159936
21.077098496
21.077098496
21.077098496
21.077098496
21.078433792
21.078433792
21.078433792
21.078433792
21.086695424
21.086695424
21.086695424
21.086695424
21.082710016
21.082710016
21.082710016
21.082710016
21.081350144
21.081350144
21.081350144
21.081350144
21.081350144
21.081350144
21.081350144
21.081350144
21.078867968
21.078867968
21.078867968
21.078867968
21.0753536
21.0753536
21.0753536
21.0753536
21.074436096
21.074436096
21.074436096
21.074436096
21.074239488
21.074239488
21.074239488
21.074239488
21.074722816
21.074722816
21.074722816
21.074722816
21.076230144
21.076230144
21.076230144
21.076230144
21.076230144
21.076230144
21.076230144
21.076230144
21.073256448
21.073256448
21.073256448
21.073256448
21.07332608
21.07332608
21.07332608
21.07332608
21.072216064
21.072216064
21.072216064
21.072216064
21.06714112
21.06714112
21.06714112
21.06714112
21.070036992
21.070036992
21.070036992
21.070036992
21.061578752
21.061578752
21.061578752
21.061578752
21.061578752
21.061578752
21.061578752
21.061578752
21.0618368
21.0618368
21.0618368
21.0618368
21.066964992
21.066964992
21.066964992
21.066964992
21.067194368
21.067194368
21.067194368
21.067194368
21.068701696
21.068701696
21.068701696
21.068701696
21.06947584
21.06947584
21.06947584
21.06947584
21.071044608
21.071044608
21.071044608
21.071044608
21.071532032
21.071532032
21.071532032
21.071532032
21.070483456
21.070483456
21.070483456
21.070483456
21.071745024
21.071745024
21.071745024
21.071745024
21.071745024
21.071745024
21.071745024
21.071745024
21.068967936
21.068967936
21.068967936
21.068967936
21.068869632
21.068869632
21.068869632
21.068869632
21.069316096
21.069316096
21.069316096
21.069316096
21.068054528
21.068054528
21.068054528
21.068054528
21.068283904
21.068283904
21.068283904
21.068283904
21.069959168
21.069959168
21.069959168
21.069959168
21.07021312
21.07021312
21.07021312
21.07021312
21.070262272
21.070262272
21.070262272
21.070262272
21.070262272
21.070262272
21.070262272
21.070262272
21.070487552
21.070487552
21.070487552
21.070487552
21.070651392
21.070651392
21.070651392
21.070651392
21.071388672
21.071388672
21.071388672
21.071388672
21.069549568
21.069549568
21.069549568
21.069549568
21.066633216
21.066633216
21.066633216
21.066633216
21.06771456
21.06771456
21.06771456
21.06771456
21.06181632
21.06181632
21.06181632
21.06181632
21.061095424
21.061095424
21.061095424
21.061095424
21.060825088
21.060825088
21.060825088
21.060825088
21.060988928
21.060988928
21.060988928
21.060988928
21.065826304
21.065826304
21.065826304
21.065826304
21.065310208
21.065310208
21.065310208
21.065310208
21.06624
21.06624
21.06624
21.06624
21.06793984
21.06793984
21.06793984
21.06793984
21.065351168
21.065351168
21.065351168
21.065351168
21.069590528
21.069590528
21.069590528
21.069590528
21.068152832
21.068152832
21.068152832
21.068152832
21.06740736
21.06740736
21.06740736
21.06740736
21.066145792
21.066145792
21.066145792
21.066145792
21.066850304
21.066850304
21.066850304
21.066850304
21.061001216
21.061001216
21.061001216
21.061001216
21.058547712
21.058547712
21.058547712
21.058547712
21.056958464
21.056958464
21.056958464
21.056958464
21.057859584
21.057859584
21.057859584
21.057859584
21.063397376
21.063397376
21.063397376
21.063397376
21.062946816
21.062946816
21.062946816
21.062946816
21.063344128
21.063344128
21.063344128
21.063344128
21.062569984
21.062569984
21.062569984
21.062569984
21.062668288
21.062668288
21.062668288
21.062668288
21.06738688
21.06738688
21.06738688
21.06738688
21.066334208
21.066334208
21.066334208
21.066334208
21.066174464
21.066174464
21.066174464
21.066174464
21.066985472
21.066985472
21.066985472
21.066985472
21.066334208
21.066334208
21.066334208
21.066334208
21.070483456
21.070483456
21.070483456
21.070483456
21.071060992
21.071060992
21.071060992
21.071060992
21.071921152
21.071921152
21.071921152
21.071921152
21.070372864
21.070372864
21.070372864
21.070372864
21.070372864
21.071446016
21.071446016
21.071446016
21.071446016
21.072502784
21.072502784
21.072502784
21.072502784
21.072502784
21.072502784
21.075075072
21.075075072
21.075075072
21.075075072
21.075075072
21.075075072
21.075075072
21.072044032
21.072044032
21.072044032
21.072044032
