0.00
58.55
58.55
58.55
60.30
60.30
60.30
56.26
56.26
56.26
55.88
55.88
55.88
44.65
44.65
44.65
13.03
13.03
13.03
13.03
12.27
12.27
12.27
12.27
11.23
11.23
11.23
11.23
10.59
10.59
10.59
10.59
13.11
13.11
13.11
13.11
11.24
11.24
11.24
11.24
11.85
11.85
11.85
11.85
11.71
11.71
11.71
11.71
12.43
12.43
12.43
12.43
11.25
11.25
11.25
11.25
10.72
10.72
10.72
10.72
12.88
12.88
12.88
12.88
10.39
10.39
10.39
10.39
11.54
11.54
11.54
11.54
11.71
11.71
11.71
11.71
11.92
11.92
11.92
11.92
12.56
12.56
12.56
12.56
10.99
10.99
10.99
10.99
11.77
11.77
11.77
11.77
10.87
10.87
10.87
10.87
13.81
13.81
13.81
13.81
10.68
10.68
10.68
10.68
14.07
14.07
14.07
14.07
12.94
12.94
12.94
12.94
12.01
12.01
12.01
12.01
13.88
13.88
13.88
13.88
10.39
10.39
10.39
10.39
11.34
11.34
11.34
11.34
12.33
12.33
12.33
12.33
10.46
10.46
10.46
10.46
11.26
11.26
11.26
11.26
10.19
10.19
10.19
10.19
10.23
10.23
10.23
10.23
11.08
11.08
11.08
11.08
12.78
12.78
12.78
12.78
11.80
11.80
11.80
11.80
11.47
11.47
11.47
11.47
11.20
11.20
11.20
11.20
11.49
11.49
11.49
11.49
12.33
12.33
12.33
12.33
16.19
16.19
16.19
16.19
11.99
11.99
11.99
11.99
11.00
11.00
11.00
11.00
10.68
10.68
10.68
10.68
20.38
20.38
20.38
20.38
14.98
14.98
14.98
14.98
11.93
11.93
11.93
11.93
13.93
13.93
13.93
13.93
13.93
12.34
12.34
12.34
12.34
12.34
11.43
11.43
11.43
11.43
11.44
11.44
11.44
11.44
14.90
14.90
14.90
14.90
14.90
13.86
13.86
13.86
13.86
20.17
20.17
20.17
20.17
15.43
15.43
15.43
15.43
11.44
11.44
11.44
11.44
11.64
11.64
11.64
11.64
10.78
10.78
10.78
10.78
14.40
14.40
14.40
14.40
13.35
13.35
13.35
13.35
11.55
11.55
11.55
11.55
13.24
13.24
13.24
13.24
13.84
13.84
13.84
13.84
13.03
13.03
13.03
13.03
14.46
14.46
14.46
14.46
17.98
17.98
17.98
17.98
15.89
15.89
15.89
15.89
25.26
25.26
25.26
25.26
15.82
15.82
15.82
15.82
11.80
11.80
11.80
11.80
15.54
15.54
15.54
15.54
13.85
13.85
13.85
13.85
22.65
22.65
22.65
22.65
18.94
18.94
18.94
18.94
18.15
18.15
18.15
18.15
13.76
13.76
13.76
13.76
13.67
13.67
13.67
13.67
12.88
12.88
12.88
12.88
11.99
11.99
11.99
11.99
11.99
14.39
14.39
14.39
14.39
19.34
19.34
19.34
19.34
21.96
21.96
21.96
21.96
19.25
19.25
19.25
19.25
13.45
13.45
13.45
13.45
14.83
14.83
14.83
14.83
16.70
16.70
16.70
16.70
13.81
13.81
13.81
13.81
12.61
12.61
12.61
12.61
12.61
11.93
11.93
11.93
11.93
11.93
10.33
10.33
10.33
10.33
10.33
12.12
12.12
12.12
12.12
13.71
13.71
13.71
13.71
13.71
12.03
12.03
12.03
12.03
12.03
10.28
10.28
10.28
10.28
10.28
11.68
11.68
11.68
11.68
11.81
11.81
11.81
11.81
11.81
10.77
10.77
10.77
10.77
10.77
10.65
10.65
10.65
10.65
10.65
11.85
11.85
11.85
11.85
11.85
10.81
10.81
10.81
10.81
10.81
12.37
12.37
12.37
12.37
12.37
12.41
12.41
12.41
12.41
12.41
13.13
13.13
13.13
13.13
13.55
13.55
13.55
13.55
16.08
16.08
16.08
16.08
14.83
14.83
14.83
14.83
13.11
13.11
13.11
13.11
13.11
11.36
11.36
11.36
11.36
11.36
12.38
12.38
12.38
12.38
12.38
11.19
11.19
11.19
11.19
11.19
10.29
10.29
10.29
10.29
10.29
14.26
14.26
14.26
14.26
14.26
11.69
11.69
11.69
11.69
11.69
10.22
10.22
10.22
10.22
10.22
11.36
11.36
11.36
11.36
11.36
11.57
11.57
11.57
11.57
10.72
10.72
10.72
10.72
14.25
14.25
14.25
14.25
14.57
14.57
14.57
14.57
14.61
14.61
14.61
14.61
15.09
15.09
15.09
15.09
17.29
17.29
17.29
17.29
17.07
17.07
17.07
17.07
12.62
12.62
12.62
12.62
12.56
12.56
12.56
12.56
11.83
11.83
11.83
11.83
11.73
11.73
11.73
11.73
12.06
12.06
12.06
12.06
11.30
11.30
11.30
11.30
11.23
11.23
11.23
11.23
13.35
13.35
13.35
13.35
13.69
13.69
13.69
13.69
10.56
10.56
10.56
10.56
12.57
12.57
12.57
12.57
14.36
14.36
14.36
14.36
12.40
12.40
12.40
12.40
10.20
10.20
10.20
10.20
13.68
13.68
13.68
13.68
10.93
10.93
10.93
10.93
13.54
13.54
13.54
13.54
11.61
11.61
11.61
11.61
12.76
12.76
12.76
12.76
11.32
11.32
11.32
11.32
12.22
12.22
12.22
12.22
12.27
12.27
12.27
12.27
11.38
11.38
11.38
11.38
11.75
11.75
11.75
11.75
11.24
11.24
11.24
11.24
12.37
12.37
12.37
12.37
11.57
11.57
11.57
11.57
10.45
10.45
10.45
10.45
12.85
12.85
12.85
12.85
10.69
10.69
10.69
10.69
12.80
12.80
12.80
12.80
11.82
11.82
11.82
11.82
12.39
12.39
12.39
12.39
12.82
12.82
12.82
12.82
11.20
11.20
11.20
11.20
10.57
10.57
10.57
10.57
11.88
11.88
11.88
11.88
13.38
13.38
13.38
13.38
11.68
11.68
11.68
11.68
11.00
11.00
11.00
11.00
10.97
10.97
10.97
10.97
11.73
11.73
11.73
11.73
11.38
11.38
11.38
11.38
12.24
12.24
12.24
12.24
11.60
11.60
11.60
11.60
12.64
12.64
12.64
12.64
12.65
12.65
12.65
12.65
10.43
10.43
10.43
10.43
11.37
11.37
11.37
11.37
11.40
11.40
11.40
11.40
12.88
12.88
12.88
12.88
11.17
11.17
11.17
11.17
10.29
10.29
10.29
10.29
14.37
14.37
14.37
14.37
11.80
11.80
11.80
11.80
12.18
12.18
12.18
12.18
10.95
10.95
10.95
10.95
12.00
12.00
12.00
12.00
12.58
12.58
12.58
12.58
11.14
11.14
11.14
11.14
13.62
13.62
13.62
13.62
10.99
10.99
10.99
10.99
13.22
13.22
13.22
13.22
12.40
12.40
12.40
12.40
12.88
12.88
12.88
12.88
14.41
14.41
14.41
14.41
12.71
12.71
12.71
12.71
13.59
13.59
13.59
13.59
13.10
13.10
13.10
13.10
12.15
12.15
12.15
12.15
13.84
13.84
13.84
13.84
14.32
14.32
14.32
14.32
11.67
11.67
11.67
11.67
13.01
13.01
13.01
13.01
16.89
16.89
16.89
16.89
11.02
11.02
11.02
11.02
11.56
11.56
11.56
11.56
12.23
12.23
12.23
12.23
11.59
11.59
11.59
11.59
11.38
11.38
11.38
11.38
11.83
11.83
11.83
11.83
10.15
10.15
10.15
10.15
10.95
10.95
10.95
10.95
13.54
13.54
13.54
13.54
11.83
11.83
11.83
11.83
11.38
11.38
11.38
11.38
11.66
11.66
11.66
11.66
10.36
10.36
10.36
10.36
14.39
14.39
14.39
14.39
13.47
13.47
13.47
13.47
9.91
9.91
9.91
9.91
11.82
11.82
11.82
11.82
11.49
11.49
11.49
11.49
13.59
13.59
13.59
13.59
9.82
9.82
9.82
9.82
12.23
12.23
12.23
12.23
10.58
10.58
10.58
10.58
10.58
11.49
11.49
11.49
11.49
11.94
11.94
11.94
11.94
11.94
11.94
11.35
11.35
11.35
11.35
11.35
11.35
11.35
12.43
12.43
12.43
12.43
